#
# There is insufficient memory for the Java Runtime Environment to continue.
# Native memory allocation (malloc) failed to allocate 337776 bytes for Chunk::new
# Possible reasons:
#   The system is out of physical RAM or swap space
#   In 32 bit mode, the process size limit was hit
# Possible solutions:
#   Reduce memory load on the system
#   Increase physical memory or swap space
#   Check if swap backing store is full
#   Use 64 bit Java on a 64 bit OS
#   Decrease Java heap size (-Xmx/-Xms)
#   Decrease number of Java threads
#   Decrease Java thread stack sizes (-Xss)
#   Set larger code cache with -XX:ReservedCodeCacheSize=
# This output file may be truncated or incomplete.
#
#  Out of Memory Error (allocation.cpp:390), pid=5552, tid=0x00000000000027b4
#
# JRE version: Java(TM) SE Runtime Environment (8.0_191-b12) (build 1.8.0_191-b12)
# Java VM: Java HotSpot(TM) 64-Bit Server VM (25.191-b12 mixed mode windows-amd64 compressed oops)
# Failed to write core dump. Minidumps are not enabled by default on client versions of Windows
#

---------------  T H R E A D  ---------------

Current thread (0x0000000019cf6800):  JavaThread "C2 CompilerThread1" daemon [_thread_in_native, id=10164, stack(0x000000001a6a0000,0x000000001a7a0000)]

Stack: [0x000000001a6a0000,0x000000001a7a0000]
[error occurred during error reporting (printing stack bounds), id 0xc0000005]

Native frames: (J=compiled Java code, j=interpreted, Vv=VM code, C=native code)


Current CompileTask:
C2:   3497 3416       4       java.net.URLClassLoader$1::run (5 bytes)


---------------  P R O C E S S  ---------------

Java Threads: ( => current thread )
  0x0000000019d9c000 JavaThread "Service Thread" daemon [_thread_blocked, id=16528, stack(0x000000001a9a0000,0x000000001aaa0000)]
  0x0000000019d01800 JavaThread "C1 CompilerThread3" daemon [_thread_blocked, id=11864, stack(0x000000001a8a0000,0x000000001a9a0000)]
  0x0000000019cfc800 JavaThread "C2 CompilerThread2" daemon [_thread_in_native, id=17380, stack(0x000000001a7a0000,0x000000001a8a0000)]
=>0x0000000019cf6800 JavaThread "C2 CompilerThread1" daemon [_thread_in_native, id=10164, stack(0x000000001a6a0000,0x000000001a7a0000)]
  0x0000000019cf4000 JavaThread "C2 CompilerThread0" daemon [_thread_in_native, id=17428, stack(0x000000001a5a0000,0x000000001a6a0000)]
  0x0000000019ce9800 JavaThread "Monitor Ctrl-Break" daemon [_thread_in_native, id=3304, stack(0x000000001a4a0000,0x000000001a5a0000)]
  0x0000000019ccc000 JavaThread "Attach Listener" daemon [_thread_blocked, id=17144, stack(0x000000001a3a0000,0x000000001a4a0000)]
  0x0000000019c78800 JavaThread "Signal Dispatcher" daemon [_thread_blocked, id=17584, stack(0x000000001a2a0000,0x000000001a3a0000)]
  0x0000000019c61800 JavaThread "Finalizer" daemon [_thread_blocked, id=17124, stack(0x000000001a140000,0x000000001a240000)]
  0x0000000019c60800 JavaThread "Reference Handler" daemon [_thread_blocked, id=16444, stack(0x000000001a040000,0x000000001a140000)]
  0x0000000002c1e800 JavaThread "main" [_thread_in_native, id=17752, stack(0x0000000002af0000,0x0000000002bf0000)]

Other Threads:
  0x0000000017e59800 VMThread [stack: 0x0000000019b40000,0x0000000019c40000] [id=18204]
  0x0000000019dbe000 WatcherThread [stack: 0x000000001aaa0000,0x000000001aba0000] [id=15480]

VM state:not at safepoint (normal execution)

VM Mutex/Monitor currently owned by a thread: None

Heap:
 PSYoungGen      total 145408K, used 13030K [0x00000000d5b80000, 0x00000000e7e80000, 0x0000000100000000)
  eden space 131584K, 9% used [0x00000000d5b80000,0x00000000d6839828,0x00000000ddc00000)
  from space 13824K, 0% used [0x00000000ddc00000,0x00000000ddc00000,0x00000000de980000)
  to   space 17408K, 0% used [0x00000000e6d80000,0x00000000e6d80000,0x00000000e7e80000)
 ParOldGen       total 81408K, used 25503K [0x0000000081200000, 0x0000000086180000, 0x00000000d5b80000)
  object space 81408K, 31% used [0x0000000081200000,0x0000000082ae7d40,0x0000000086180000)
 Metaspace       used 21592K, capacity 22034K, committed 22448K, reserved 1069056K
  class space    used 2582K, capacity 2715K, committed 2816K, reserved 1048576K

Card table byte_map: [0x0000000012220000,0x0000000012620000] byte_map_base: 0x0000000011e17000

Marking Bits: (ParMarkBitMap*) 0x00000000658a3e30
 Begin Bits: [0x00000000130d0000, 0x0000000015088000)
 End Bits:   [0x0000000015088000, 0x0000000017040000)

Polling page: 0x0000000000a10000

CodeCache: size=245760Kb used=12070Kb max_used=12070Kb free=233689Kb
 bounds [0x0000000002e60000, 0x0000000003a40000, 0x0000000011e60000]
 total_blobs=3857 nmethods=3455 adapters=314
 compilation: enabled

Compilation events (10 events):
Event: 3.483 Thread 0x0000000019d01800 3460       3       sun.nio.cs.UTF_8$Encoder::<init> (6 bytes)
Event: 3.483 Thread 0x0000000019d01800 nmethod 3460 0x0000000003a32390 code [0x0000000003a32540, 0x0000000003a32848]
Event: 3.483 Thread 0x0000000019d01800 3461       3       sun.nio.cs.UTF_8$Encoder::isLegalReplacement (26 bytes)
Event: 3.484 Thread 0x0000000019d01800 nmethod 3461 0x0000000003a329d0 code [0x0000000003a32b40, 0x0000000003a32dc8]
Event: 3.492 Thread 0x0000000019d01800 3463       3       java.util.ArrayDeque::<init> (14 bytes)
Event: 3.493 Thread 0x0000000019d01800 nmethod 3463 0x0000000003a32e90 code [0x0000000003a33000, 0x0000000003a332b0]
Event: 3.495 Thread 0x0000000019d01800 3465       3       java.util.zip.ZipCoder::get (9 bytes)
Event: 3.496 Thread 0x0000000019d01800 nmethod 3465 0x0000000003a333d0 code [0x0000000003a33560, 0x0000000003a339c8]
Event: 3.496 Thread 0x0000000019d01800 3466       3       java.util.zip.ZipCoder::<init> (27 bytes)
Event: 3.496 Thread 0x0000000019d01800 nmethod 3466 0x0000000003a33b90 code [0x0000000003a33d00, 0x0000000003a340e8]

GC Heap History (10 events):
Event: 2.053 GC heap before
{Heap before GC invocations=4 (full 0):
 PSYoungGen      total 38400K, used 38392K [0x00000000d5b80000, 0x00000000da680000, 0x0000000100000000)
  eden space 33280K, 100% used [0x00000000d5b80000,0x00000000d7c00000,0x00000000d7c00000)
  from space 5120K, 99% used [0x00000000d7c00000,0x00000000d80fe030,0x00000000d8100000)
  to   space 5120K, 0% used [0x00000000da180000,0x00000000da180000,0x00000000da680000)
 ParOldGen       total 87552K, used 4554K [0x0000000081200000, 0x0000000086780000, 0x00000000d5b80000)
  object space 87552K, 5% used [0x0000000081200000,0x0000000081672b48,0x0000000086780000)
 Metaspace       used 16053K, capacity 16416K, committed 16640K, reserved 1064960K
  class space    used 1940K, capacity 2042K, committed 2048K, reserved 1048576K
Event: 2.061 GC heap after
Heap after GC invocations=4 (full 0):
 PSYoungGen      total 71680K, used 5096K [0x00000000d5b80000, 0x00000000da680000, 0x0000000100000000)
  eden space 66560K, 0% used [0x00000000d5b80000,0x00000000d5b80000,0x00000000d9c80000)
  from space 5120K, 99% used [0x00000000da180000,0x00000000da67a040,0x00000000da680000)
  to   space 5120K, 0% used [0x00000000d9c80000,0x00000000d9c80000,0x00000000da180000)
 ParOldGen       total 87552K, used 8095K [0x0000000081200000, 0x0000000086780000, 0x00000000d5b80000)
  object space 87552K, 9% used [0x0000000081200000,0x00000000819e7c88,0x0000000086780000)
 Metaspace       used 16053K, capacity 16416K, committed 16640K, reserved 1064960K
  class space    used 1940K, capacity 2042K, committed 2048K, reserved 1048576K
}
Event: 2.275 GC heap before
{Heap before GC invocations=5 (full 0):
 PSYoungGen      total 71680K, used 71656K [0x00000000d5b80000, 0x00000000da680000, 0x0000000100000000)
  eden space 66560K, 100% used [0x00000000d5b80000,0x00000000d9c80000,0x00000000d9c80000)
  from space 5120K, 99% used [0x00000000da180000,0x00000000da67a040,0x00000000da680000)
  to   space 5120K, 0% used [0x00000000d9c80000,0x00000000d9c80000,0x00000000da180000)
 ParOldGen       total 87552K, used 8095K [0x0000000081200000, 0x0000000086780000, 0x00000000d5b80000)
  object space 87552K, 9% used [0x0000000081200000,0x00000000819e7c88,0x0000000086780000)
 Metaspace       used 16186K, capacity 16498K, committed 16640K, reserved 1064960K
  class space    used 1942K, capacity 2045K, committed 2048K, reserved 1048576K
Event: 2.286 GC heap after
Heap after GC invocations=5 (full 0):
 PSYoungGen      total 71680K, used 5112K [0x00000000d5b80000, 0x00000000df580000, 0x0000000100000000)
  eden space 66560K, 0% used [0x00000000d5b80000,0x00000000d5b80000,0x00000000d9c80000)
  from space 5120K, 99% used [0x00000000d9c80000,0x00000000da17e030,0x00000000da180000)
  to   space 12288K, 0% used [0x00000000de980000,0x00000000de980000,0x00000000df580000)
 ParOldGen       total 87552K, used 14511K [0x0000000081200000, 0x0000000086780000, 0x00000000d5b80000)
  object space 87552K, 16% used [0x0000000081200000,0x000000008202bcd8,0x0000000086780000)
 Metaspace       used 16186K, capacity 16498K, committed 16640K, reserved 1064960K
  class space    used 1942K, capacity 2045K, committed 2048K, reserved 1048576K
}
Event: 2.456 GC heap before
{Heap before GC invocations=6 (full 0):
 PSYoungGen      total 71680K, used 71672K [0x00000000d5b80000, 0x00000000df580000, 0x0000000100000000)
  eden space 66560K, 100% used [0x00000000d5b80000,0x00000000d9c80000,0x00000000d9c80000)
  from space 5120K, 99% used [0x00000000d9c80000,0x00000000da17e030,0x00000000da180000)
  to   space 12288K, 0% used [0x00000000de980000,0x00000000de980000,0x00000000df580000)
 ParOldGen       total 87552K, used 14511K [0x0000000081200000, 0x0000000086780000, 0x00000000d5b80000)
  object space 87552K, 16% used [0x0000000081200000,0x000000008202bcd8,0x0000000086780000)
 Metaspace       used 16310K, capacity 16626K, committed 16896K, reserved 1064960K
  class space    used 1942K, capacity 2045K, committed 2048K, reserved 1048576K
Event: 2.466 GC heap after
Heap after GC invocations=6 (full 0):
 PSYoungGen      total 143872K, used 11704K [0x00000000d5b80000, 0x00000000df880000, 0x0000000100000000)
  eden space 131584K, 0% used [0x00000000d5b80000,0x00000000d5b80000,0x00000000ddc00000)
  from space 12288K, 95% used [0x00000000de980000,0x00000000df4ee030,0x00000000df580000)
  to   space 13824K, 0% used [0x00000000ddc00000,0x00000000ddc00000,0x00000000de980000)
 ParOldGen       total 87552K, used 14519K [0x0000000081200000, 0x0000000086780000, 0x00000000d5b80000)
  object space 87552K, 16% used [0x0000000081200000,0x000000008202dcd8,0x0000000086780000)
 Metaspace       used 16310K, capacity 16626K, committed 16896K, reserved 1064960K
  class space    used 1942K, capacity 2045K, committed 2048K, reserved 1048576K
}
Event: 3.312 GC heap before
{Heap before GC invocations=7 (full 0):
 PSYoungGen      total 143872K, used 98022K [0x00000000d5b80000, 0x00000000df880000, 0x0000000100000000)
  eden space 131584K, 65% used [0x00000000d5b80000,0x00000000dafcb958,0x00000000ddc00000)
  from space 12288K, 95% used [0x00000000de980000,0x00000000df4ee030,0x00000000df580000)
  to   space 13824K, 0% used [0x00000000ddc00000,0x00000000ddc00000,0x00000000de980000)
 ParOldGen       total 87552K, used 14519K [0x0000000081200000, 0x0000000086780000, 0x00000000d5b80000)
  object space 87552K, 16% used [0x0000000081200000,0x000000008202dcd8,0x0000000086780000)
 Metaspace       used 20658K, capacity 21074K, committed 21296K, reserved 1069056K
  class space    used 2469K, capacity 2587K, committed 2688K, reserved 1048576K
Event: 3.327 GC heap after
Heap after GC invocations=7 (full 0):
 PSYoungGen      total 145408K, used 13818K [0x00000000d5b80000, 0x00000000e7e80000, 0x0000000100000000)
  eden space 131584K, 0% used [0x00000000d5b80000,0x00000000d5b80000,0x00000000ddc00000)
  from space 13824K, 99% used [0x00000000ddc00000,0x00000000de97ea08,0x00000000de980000)
  to   space 17408K, 0% used [0x00000000e6d80000,0x00000000e6d80000,0x00000000e7e80000)
 ParOldGen       total 87552K, used 18276K [0x0000000081200000, 0x0000000086780000, 0x00000000d5b80000)
  object space 87552K, 20% used [0x0000000081200000,0x00000000823d93e0,0x0000000086780000)
 Metaspace       used 20658K, capacity 21074K, committed 21296K, reserved 1069056K
  class space    used 2469K, capacity 2587K, committed 2688K, reserved 1048576K
}
Event: 3.327 GC heap before
{Heap before GC invocations=8 (full 1):
 PSYoungGen      total 145408K, used 13818K [0x00000000d5b80000, 0x00000000e7e80000, 0x0000000100000000)
  eden space 131584K, 0% used [0x00000000d5b80000,0x00000000d5b80000,0x00000000ddc00000)
  from space 13824K, 99% used [0x00000000ddc00000,0x00000000de97ea08,0x00000000de980000)
  to   space 17408K, 0% used [0x00000000e6d80000,0x00000000e6d80000,0x00000000e7e80000)
 ParOldGen       total 87552K, used 18276K [0x0000000081200000, 0x0000000086780000, 0x00000000d5b80000)
  object space 87552K, 20% used [0x0000000081200000,0x00000000823d93e0,0x0000000086780000)
 Metaspace       used 20658K, capacity 21074K, committed 21296K, reserved 1069056K
  class space    used 2469K, capacity 2587K, committed 2688K, reserved 1048576K
Event: 3.403 GC heap after
Heap after GC invocations=8 (full 1):
 PSYoungGen      total 145408K, used 0K [0x00000000d5b80000, 0x00000000e7e80000, 0x0000000100000000)
  eden space 131584K, 0% used [0x00000000d5b80000,0x00000000d5b80000,0x00000000ddc00000)
  from space 13824K, 0% used [0x00000000ddc00000,0x00000000ddc00000,0x00000000de980000)
  to   space 17408K, 0% used [0x00000000e6d80000,0x00000000e6d80000,0x00000000e7e80000)
 ParOldGen       total 81408K, used 25503K [0x0000000081200000, 0x0000000086180000, 0x00000000d5b80000)
  object space 81408K, 31% used [0x0000000081200000,0x0000000082ae7d40,0x0000000086180000)
 Metaspace       used 20658K, capacity 21074K, committed 21296K, reserved 1069056K
  class space    used 2469K, capacity 2587K, committed 2688K, reserved 1048576K
}

Deoptimization events (10 events):
Event: 2.877 Thread 0x0000000002c1e800 Uncommon trap: reason=predicate action=maybe_recompile pc=0x00000000030ecd30 method=sun.net.www.ParseUtil.encodePath(Ljava/lang/String;Z)Ljava/lang/String; @ 36
Event: 2.886 Thread 0x0000000002c1e800 Uncommon trap: reason=bimorphic action=maybe_recompile pc=0x00000000033dfb64 method=java.util.regex.Pattern$CharProperty.match(Ljava/util/regex/Matcher;ILjava/lang/CharSequence;)Z @ 37
Event: 2.889 Thread 0x0000000002c1e800 Uncommon trap: reason=bimorphic action=maybe_recompile pc=0x00000000036d537c method=java.util.AbstractCollection.toArray()[Ljava/lang/Object; @ 1
Event: 2.892 Thread 0x0000000002c1e800 Uncommon trap: reason=null_check action=make_not_entrant pc=0x0000000003884774 method=com.google.inject.internal.InjectorImpl.enterContext()Lcom/google/inject/internal/InternalContext; @ 7
Event: 2.893 Thread 0x0000000002c1e800 Uncommon trap: reason=bimorphic action=maybe_recompile pc=0x00000000036d537c method=java.util.AbstractCollection.toArray()[Ljava/lang/Object; @ 1
Event: 2.894 Thread 0x0000000002c1e800 Uncommon trap: reason=bimorphic action=maybe_recompile pc=0x00000000036d537c method=java.util.AbstractCollection.toArray()[Ljava/lang/Object; @ 1
Event: 3.107 Thread 0x0000000002c1e800 Uncommon trap: reason=class_check action=maybe_recompile pc=0x0000000003829e18 method=org.eclipse.sisu.wire.EntryListAdapter$ValueIterator.hasNext()Z @ 4
Event: 3.108 Thread 0x0000000002c1e800 Uncommon trap: reason=unstable_if action=reinterpret pc=0x00000000035b3d5c method=org.eclipse.sisu.plexus.RealmFilteredBeans$FilteredItr.hasNext()Z @ 44
Event: 3.151 Thread 0x0000000002c1e800 Uncommon trap: reason=bimorphic action=maybe_recompile pc=0x00000000033dfb64 method=java.util.regex.Pattern$CharProperty.match(Ljava/util/regex/Matcher;ILjava/lang/CharSequence;)Z @ 37
Event: 3.472 Thread 0x0000000002c1e800 Uncommon trap: reason=unstable_if action=reinterpret pc=0x00000000038cb2a0 method=java.util.jar.Manifest$FastInputStream.readLine([BII)I @ 87

Classes redefined (0 events):
No events

Internal exceptions (10 events):
Event: 1.520 Thread 0x0000000002c1e800 Exception <a 'java/lang/NoClassDefFoundError': javax/annotation/Priority> (0x00000000d6bdb450) thrown at [C:\re\workspace\8-2-build-windows-amd64-cygwin\jdk8u191\11896\hotspot\src\share\vm\classfile\systemDictionary.cpp, line 199]
Event: 1.578 Thread 0x0000000002c1e800 Implicit null exception at 0x000000000300ddd8 to 0x000000000300df91
Event: 1.634 Thread 0x0000000002c1e800 Implicit null exception at 0x0000000003074bd6 to 0x0000000003074f79
Event: 1.634 Thread 0x0000000002c1e800 Implicit null exception at 0x0000000003054656 to 0x00000000030549f5
Event: 1.770 Thread 0x0000000002c1e800 Implicit null exception at 0x0000000003241555 to 0x000000000324172d
Event: 1.770 Thread 0x0000000002c1e800 Implicit null exception at 0x00000000032f066f to 0x00000000032f06d9
Event: 1.777 Thread 0x0000000002c1e800 Implicit null exception at 0x000000000349d4f7 to 0x000000000349d741
Event: 2.312 Thread 0x0000000002c1e800 Implicit null exception at 0x00000000036dadd3 to 0x00000000036dc859
Event: 2.892 Thread 0x0000000002c1e800 Implicit null exception at 0x000000000388433d to 0x0000000003884765
Event: 3.183 Thread 0x0000000002c1e800 Exception <a 'java/lang/ClassNotFoundException': com/sun/tools/javac/api/JavacTool> (0x00000000da3320a8) thrown at [C:\re\workspace\8-2-build-windows-amd64-cygwin\jdk8u191\11896\hotspot\src\share\vm\classfile\systemDictionary.cpp, line 210]

Events (10 events):
Event: 3.446 loading class com/sun/tools/javac/file/Locations$Path done
Event: 3.446 Executing VM operation: Deoptimize
Event: 3.447 Executing VM operation: Deoptimize done
Event: 3.447 loading class com/sun/tools/javac/util/ListBuffer$1
Event: 3.447 loading class com/sun/tools/javac/util/ListBuffer$1 done
Event: 3.449 loading class com/sun/tools/javac/util/StringUtils
Event: 3.449 loading class com/sun/tools/javac/util/StringUtils done
Event: 3.472 Thread 0x0000000002c1e800 Uncommon trap: trap_request=0xffffff65 fr.pc=0x00000000038cb2a0
Event: 3.472 Thread 0x0000000002c1e800 DEOPT PACKING pc=0x00000000038cb2a0 sp=0x0000000002bed040
Event: 3.472 Thread 0x0000000002c1e800 DEOPT UNPACKING pc=0x0000000002ea583b sp=0x0000000002becfd0 mode 2


Dynamic libraries:
0x00007ff675cc0000 - 0x00007ff675cf7000 	D:\Program Files (x86)\jdk\bin\java.exe
0x00007ffbd2940000 - 0x00007ffbd2b30000 	C:\Windows\SYSTEM32\ntdll.dll
0x00007ffbd2550000 - 0x00007ffbd2602000 	C:\Windows\System32\KERNEL32.DLL
0x00007ffbcfa60000 - 0x00007ffbcfd05000 	C:\Windows\System32\KERNELBASE.dll
0x00007ffbcd6a0000 - 0x00007ffbcd72f000 	C:\Windows\SYSTEM32\apphelp.dll
0x00007ffbd2010000 - 0x00007ffbd20b3000 	C:\Windows\System32\ADVAPI32.dll
0x00007ffbd1d60000 - 0x00007ffbd1dfe000 	C:\Windows\System32\msvcrt.dll
0x00007ffbd1cc0000 - 0x00007ffbd1d57000 	C:\Windows\System32\sechost.dll
0x00007ffbd27b0000 - 0x00007ffbd28cf000 	C:\Windows\System32\RPCRT4.dll
0x00007ffbd1e70000 - 0x00007ffbd2004000 	C:\Windows\System32\USER32.dll
0x00007ffbd0590000 - 0x00007ffbd05b1000 	C:\Windows\System32\win32u.dll
0x00007ffbd28d0000 - 0x00007ffbd28f6000 	C:\Windows\System32\GDI32.dll
0x00007ffbd0650000 - 0x00007ffbd07e8000 	C:\Windows\System32\gdi32full.dll
0x00007ffbd07f0000 - 0x00007ffbd088e000 	C:\Windows\System32\msvcp_win.dll
0x00007ffbcf960000 - 0x00007ffbcfa5a000 	C:\Windows\System32\ucrtbase.dll
0x00007ffbc09e0000 - 0x00007ffbc0c64000 	C:\Windows\WinSxS\amd64_microsoft.windows.common-controls_6595b64144ccf1df_6.0.18362.1440_none_9e7dbfb9e45e8e67\COMCTL32.dll
0x00007ffbd10f0000 - 0x00007ffbd1426000 	C:\Windows\System32\combase.dll
0x00007ffbcf8b0000 - 0x00007ffbcf931000 	C:\Windows\System32\bcryptPrimitives.dll
0x00007ffbd2510000 - 0x00007ffbd253e000 	C:\Windows\System32\IMM32.DLL
0x0000000065930000 - 0x0000000065a02000 	D:\Program Files (x86)\jdk\jre\bin\msvcr100.dll
0x0000000065080000 - 0x0000000065924000 	D:\Program Files (x86)\jdk\jre\bin\server\jvm.dll
0x00007ffbd2540000 - 0x00007ffbd2548000 	C:\Windows\System32\PSAPI.DLL
0x00007ffbccef0000 - 0x00007ffbccf14000 	C:\Windows\SYSTEM32\WINMM.dll
0x00007ffbc7f60000 - 0x00007ffbc7f6a000 	C:\Windows\SYSTEM32\VERSION.dll
0x00007ffbc9230000 - 0x00007ffbc9239000 	C:\Windows\SYSTEM32\WSOCK32.dll
0x00007ffbd1e00000 - 0x00007ffbd1e6f000 	C:\Windows\System32\WS2_32.dll
0x00007ffbccec0000 - 0x00007ffbcceed000 	C:\Windows\SYSTEM32\winmmbase.dll
0x00007ffbd0540000 - 0x00007ffbd058a000 	C:\Windows\System32\cfgmgr32.dll
0x0000000065070000 - 0x000000006507f000 	D:\Program Files (x86)\jdk\jre\bin\verify.dll
0x0000000065040000 - 0x0000000065069000 	D:\Program Files (x86)\jdk\jre\bin\java.dll
0x0000000064f60000 - 0x0000000064f83000 	D:\Program Files (x86)\jdk\jre\bin\instrument.dll
0x0000000065020000 - 0x0000000065036000 	D:\Program Files (x86)\jdk\jre\bin\zip.dll
0x00007ffbd1490000 - 0x00007ffbd1b78000 	C:\Windows\System32\SHELL32.dll
0x00007ffbd20c0000 - 0x00007ffbd2167000 	C:\Windows\System32\shcore.dll
0x00007ffbcfd10000 - 0x00007ffbd048b000 	C:\Windows\System32\windows.storage.dll
0x00007ffbcf800000 - 0x00007ffbcf81e000 	C:\Windows\System32\profapi.dll
0x00007ffbcf860000 - 0x00007ffbcf8aa000 	C:\Windows\System32\powrprof.dll
0x00007ffbcf7f0000 - 0x00007ffbcf800000 	C:\Windows\System32\UMPDC.dll
0x00007ffbd2750000 - 0x00007ffbd27a2000 	C:\Windows\System32\shlwapi.dll
0x00007ffbcf820000 - 0x00007ffbcf831000 	C:\Windows\System32\kernel.appcore.dll
0x00007ffbcf940000 - 0x00007ffbcf957000 	C:\Windows\System32\cryptsp.dll
0x00007ffbcb5f0000 - 0x00007ffbcb60a000 	D:\Program Files (x86)\idea\IntelliJ IDEA 2019.1.4\bin\breakgen64.dll
0x0000000065000000 - 0x000000006501a000 	D:\Program Files (x86)\jdk\jre\bin\net.dll
0x00007ffbcf030000 - 0x00007ffbcf097000 	C:\Windows\system32\mswsock.dll
0x00007ffbcebb0000 - 0x00007ffbcebe3000 	C:\Windows\system32\rsaenh.dll
0x00007ffbd05c0000 - 0x00007ffbd05e6000 	C:\Windows\System32\bcrypt.dll
0x00007ffbcf6d0000 - 0x00007ffbcf6f5000 	C:\Windows\SYSTEM32\USERENV.dll
0x00007ffbcf200000 - 0x00007ffbcf20c000 	C:\Windows\SYSTEM32\CRYPTBASE.dll
0x00007ffbced40000 - 0x00007ffbced7a000 	C:\Windows\SYSTEM32\IPHLPAPI.DLL
0x00007ffbd2330000 - 0x00007ffbd2338000 	C:\Windows\System32\NSI.dll
0x00007ffbc6870000 - 0x00007ffbc6886000 	C:\Windows\SYSTEM32\dhcpcsvc6.DLL
0x00007ffbc6850000 - 0x00007ffbc686c000 	C:\Windows\SYSTEM32\dhcpcsvc.DLL
0x00007ffbced80000 - 0x00007ffbcee4b000 	C:\Windows\SYSTEM32\DNSAPI.dll
0x0000000064fe0000 - 0x0000000064ff1000 	D:\Program Files (x86)\jdk\jre\bin\nio.dll
0x00007ffbcb5e0000 - 0x00007ffbcb5ea000 	C:\Users\LQ\AppData\Local\Temp\jansi-1.17.1-9085624396469304728.dll
0x00007ffbc3770000 - 0x00007ffbc377a000 	C:\Users\LQ\AppData\Local\Temp\jansi-1.17.1-6290052552316604798.dll

VM Arguments:
jvm_args: -Dmaven.multiModuleProjectDirectory=D:\dongyimai\dongyimai-shop-web -Dmaven.home=D:\Program Files (x86)\maven\apache-maven-3.5.4 -Dclassworlds.conf=D:\Program Files (x86)\maven\apache-maven-3.5.4\bin\m2.conf -javaagent:D:\Program Files (x86)\idea\IntelliJ IDEA 2019.1.4\lib\idea_rt.jar=58412:D:\Program Files (x86)\idea\IntelliJ IDEA 2019.1.4\bin -Dfile.encoding=UTF-8 
java_command: org.codehaus.classworlds.Launcher -Didea.version2019.1.4 -s D:\Program Files (x86)\maven\apache-maven-3.5.4\conf\settings.xml install
java_class_path (initial): D:\Program Files (x86)\maven\apache-maven-3.5.4\boot\plexus-classworlds-2.5.2.jar;D:\Program Files (x86)\idea\IntelliJ IDEA 2019.1.4\lib\idea_rt.jar
Launcher Type: SUN_STANDARD

Environment Variables:
JAVA_HOME=D:\Program Files (x86)\jdk
PATH=D:\Program Files (x86)\idea\IntelliJ IDEA 2019.1.4\jre64\\bin;D:\Program Files (x86)\idea\IntelliJ IDEA 2019.1.4\jre64\\bin\server;C:\Windows\system32;C:\Windows;C:\Windows\System32\Wbem;C:\Windows\System32\WindowsPowerShell\v1.0\;C:\Windows\System32\OpenSSH\;C:\Program Files (x86)\NVIDIA Corporation\PhysX\Common;C:\Program Files\NVIDIA Corporation\NVIDIA NvDLISR;D:\Program Files (x86)\微信开发者工具\;D:\Program Files (x86)\jdk\bin;D:\Program Files(x86)\MySQL\MySQL Server 5.5\bin;D:\Program Files (x86)\bin;D:\Program Files (x86)\mysql\bin;D:\Program Files (x86)\maven\apache-maven-3.5.4\bin;C:\Users\LQ\AppData\Local\Microsoft\WindowsApps;C:\Users\LQ\AppData\Roaming\npm;D:\Program Files (x86)\idea\IntelliJ IDEA 2019.1.4\bin
USERNAME=LQ
OS=Windows_NT
PROCESSOR_IDENTIFIER=Intel64 Family 6 Model 158 Stepping 10, GenuineIntel



---------------  S Y S T E M  ---------------

OS: Windows 10.0 , 64 bit Build 18362 (10.0.18362.1350)

CPU:total 8 (initial active 8) (4 cores per cpu, 2 threads per core) family 6 model 158 stepping 10, cmov, cx8, fxsr, mmx, sse, sse2, sse3, ssse3, sse4.1, sse4.2, popcnt, avx, avx2, aes, clmul, erms, 3dnowpref, lzcnt, ht, tsc, tscinvbit, bmi1, bmi2, adx

Memory: 4k page, physical 8306932k(636780k free), swap 14598388k(4192k free)

vm_info: Java HotSpot(TM) 64-Bit Server VM (25.191-b12) for windows-amd64 JRE (1.8.0_191-b12), built on Oct  6 2018 09:29:03 by "java_re" with MS VC++ 10.0 (VS2010)

time: Fri Mar 19 16:51:03 2021
elapsed time: 3 seconds (0d 0h 0m 3s)

