#
# There is insufficient memory for the Java Runtime Environment to continue.
# Native memory allocation (malloc) failed to allocate 32744 bytes for ChunkPool::allocate
# Possible reasons:
#   The system is out of physical RAM or swap space
#   In 32 bit mode, the process size limit was hit
# Possible solutions:
#   Reduce memory load on the system
#   Increase physical memory or swap space
#   Check if swap backing store is full
#   Use 64 bit Java on a 64 bit OS
#   Decrease Java heap size (-Xmx/-Xms)
#   Decrease number of Java threads
#   Decrease Java thread stack sizes (-Xss)
#   Set larger code cache with -XX:ReservedCodeCacheSize=
# This output file may be truncated or incomplete.
#
#  Out of Memory Error (allocation.cpp:273), pid=9972, tid=0x0000000000003ac8
#
# JRE version: Java(TM) SE Runtime Environment (8.0_191-b12) (build 1.8.0_191-b12)
# Java VM: Java HotSpot(TM) 64-Bit Server VM (25.191-b12 mixed mode windows-amd64 compressed oops)
# Failed to write core dump. Minidumps are not enabled by default on client versions of Windows
#

---------------  T H R E A D  ---------------

Current thread (0x00000000016ae800):  JavaThread "main" [_thread_in_vm, id=15048, stack(0x0000000003240000,0x0000000003340000)]

Stack: [0x0000000003240000,0x0000000003340000]
[error occurred during error reporting (printing stack bounds), id 0xc0000005]

Native frames: (J=compiled Java code, j=interpreted, Vv=VM code, C=native code)

Java frames: (J=compiled Java code, j=interpreted, Vv=VM code)
J 525  java.lang.ClassLoader.defineClass1(Ljava/lang/String;[BIILjava/security/ProtectionDomain;Ljava/lang/String;)Ljava/lang/Class; (0 bytes) @ 0x000000000381ba9f [0x000000000381ba00+0x9f]
J 509 C1 java.lang.ClassLoader.defineClass(Ljava/lang/String;[BIILjava/security/ProtectionDomain;)Ljava/lang/Class; (43 bytes) @ 0x0000000003815064 [0x0000000003814a80+0x5e4]
J 465 C1 java.net.URLClassLoader.defineClass(Ljava/lang/String;Lsun/misc/Resource;)Ljava/lang/Class; (142 bytes) @ 0x00000000037ea824 [0x00000000037e8cc0+0x1b64]
J 412 C1 java.net.URLClassLoader$1.run()Ljava/lang/Class; (63 bytes) @ 0x00000000037a45ac [0x00000000037a42e0+0x2cc]
J 411 C1 java.net.URLClassLoader$1.run()Ljava/lang/Object; (5 bytes) @ 0x000000000379a24c [0x000000000379a1c0+0x8c]
v  ~StubRoutines::call_stub
J 280  java.security.AccessController.doPrivileged(Ljava/security/PrivilegedExceptionAction;Ljava/security/AccessControlContext;)Ljava/lang/Object; (0 bytes) @ 0x0000000003748a26 [0x00000000037489c0+0x66]
J 1613 C2 java.net.URLClassLoader.findClass(Ljava/lang/String;)Ljava/lang/Class; (47 bytes) @ 0x0000000003afbf70 [0x0000000003afbee0+0x90]
J 1249 C2 java.lang.ClassLoader.loadClass(Ljava/lang/String;Z)Ljava/lang/Class; (122 bytes) @ 0x0000000003a63688 [0x0000000003a62660+0x1028]
J 3398 C1 java.net.FactoryURLClassLoader.loadClass(Ljava/lang/String;Z)Ljava/lang/Class; (40 bytes) @ 0x000000000414e24c [0x000000000414de00+0x44c]
J 3386 C1 java.lang.ClassLoader.loadClass(Ljava/lang/String;)Ljava/lang/Class; (7 bytes) @ 0x000000000414574c [0x0000000004145640+0x10c]
v  ~StubRoutines::call_stub
j  com.sun.tools.javac.main.Main.compile([Ljava/lang/String;[Ljava/lang/String;Lcom/sun/tools/javac/util/Context;Lcom/sun/tools/javac/util/List;Ljava/lang/Iterable;)Lcom/sun/tools/javac/main/Main$Result;+1617
j  com.sun.tools.javac.api.JavacTaskImpl.doCall()Lcom/sun/tools/javac/main/Main$Result;+59
j  com.sun.tools.javac.api.JavacTaskImpl.call()Ljava/lang/Boolean;+1
j  org.codehaus.plexus.compiler.javac.JavaxToolsCompiler.compileInProcess([Ljava/lang/String;Lorg/codehaus/plexus/compiler/CompilerConfiguration;[Ljava/lang/String;)Lorg/codehaus/plexus/compiler/CompilerResult;+129
j  org.codehaus.plexus.compiler.javac.JavacCompiler.performCompile(Lorg/codehaus/plexus/compiler/CompilerConfiguration;)Lorg/codehaus/plexus/compiler/CompilerResult;+216
j  org.apache.maven.plugin.compiler.AbstractCompilerMojo.execute()V+2264
j  org.apache.maven.plugin.compiler.CompilerMojo.execute()V+20
j  org.apache.maven.plugin.DefaultBuildPluginManager.executeMojo(Lorg/apache/maven/execution/MavenSession;Lorg/apache/maven/plugin/MojoExecution;)V+152
j  org.apache.maven.lifecycle.internal.MojoExecutor.execute(Lorg/apache/maven/execution/MavenSession;Lorg/apache/maven/plugin/MojoExecution;Lorg/apache/maven/lifecycle/internal/ProjectIndex;Lorg/apache/maven/lifecycle/internal/DependencyContext;)V+215
j  org.apache.maven.lifecycle.internal.MojoExecutor.execute(Lorg/apache/maven/execution/MavenSession;Lorg/apache/maven/plugin/MojoExecution;Lorg/apache/maven/lifecycle/internal/ProjectIndex;Lorg/apache/maven/lifecycle/internal/DependencyContext;Lorg/apache/maven/lifecycle/internal/PhaseRecorder;)V+6
j  org.apache.maven.lifecycle.internal.MojoExecutor.execute(Lorg/apache/maven/execution/MavenSession;Ljava/util/List;Lorg/apache/maven/lifecycle/internal/ProjectIndex;)V+60
j  org.apache.maven.lifecycle.internal.LifecycleModuleBuilder.buildProject(Lorg/apache/maven/execution/MavenSession;Lorg/apache/maven/execution/MavenSession;Lorg/apache/maven/lifecycle/internal/ReactorContext;Lorg/apache/maven/project/MavenProject;Lorg/apache/maven/lifecycle/internal/TaskSegment;)V+179
j  org.apache.maven.lifecycle.internal.LifecycleModuleBuilder.buildProject(Lorg/apache/maven/execution/MavenSession;Lorg/apache/maven/lifecycle/internal/ReactorContext;Lorg/apache/maven/project/MavenProject;Lorg/apache/maven/lifecycle/internal/TaskSegment;)V+7
j  org.apache.maven.lifecycle.internal.builder.singlethreaded.SingleThreadedBuilder.build(Lorg/apache/maven/execution/MavenSession;Lorg/apache/maven/lifecycle/internal/ReactorContext;Lorg/apache/maven/lifecycle/internal/ProjectBuildList;Ljava/util/List;Lorg/apache/maven/lifecycle/internal/ReactorBuildStatus;)V+77
j  org.apache.maven.lifecycle.internal.LifecycleStarter.execute(Lorg/apache/maven/execution/MavenSession;)V+348
j  org.apache.maven.DefaultMaven.doExecute(Lorg/apache/maven/execution/MavenExecutionRequest;Lorg/apache/maven/execution/MavenSession;Lorg/apache/maven/execution/MavenExecutionResult;Lorg/eclipse/aether/DefaultRepositorySystemSession;)Lorg/apache/maven/execution/MavenExecutionResult;+425
j  org.apache.maven.DefaultMaven.doExecute(Lorg/apache/maven/execution/MavenExecutionRequest;)Lorg/apache/maven/execution/MavenExecutionResult;+98
j  org.apache.maven.DefaultMaven.execute(Lorg/apache/maven/execution/MavenExecutionRequest;)Lorg/apache/maven/execution/MavenExecutionResult;+2
j  org.apache.maven.cli.MavenCli.execute(Lorg/apache/maven/cli/CliRequest;)I+27
j  org.apache.maven.cli.MavenCli.doMain(Lorg/apache/maven/cli/CliRequest;)I+66
j  org.apache.maven.cli.MavenCli.main([Ljava/lang/String;Lorg/codehaus/plexus/classworlds/ClassWorld;)I+24
v  ~StubRoutines::call_stub
j  sun.reflect.NativeMethodAccessorImpl.invoke0(Ljava/lang/reflect/Method;Ljava/lang/Object;[Ljava/lang/Object;)Ljava/lang/Object;+0
j  sun.reflect.NativeMethodAccessorImpl.invoke(Ljava/lang/Object;[Ljava/lang/Object;)Ljava/lang/Object;+100
j  sun.reflect.DelegatingMethodAccessorImpl.invoke(Ljava/lang/Object;[Ljava/lang/Object;)Ljava/lang/Object;+6
j  java.lang.reflect.Method.invoke(Ljava/lang/Object;[Ljava/lang/Object;)Ljava/lang/Object;+56
j  org.codehaus.plexus.classworlds.launcher.Launcher.launchEnhanced([Ljava/lang/String;)V+45
j  org.codehaus.plexus.classworlds.launcher.Launcher.launch([Ljava/lang/String;)V+2
j  org.codehaus.plexus.classworlds.launcher.Launcher.mainWithExitCode([Ljava/lang/String;)I+101
j  org.codehaus.plexus.classworlds.launcher.Launcher.main([Ljava/lang/String;)V+1
j  org.codehaus.classworlds.Launcher.main([Ljava/lang/String;)V+1
v  ~StubRoutines::call_stub

---------------  P R O C E S S  ---------------

Java Threads: ( => current thread )
  0x000000001a4d9800 JavaThread "Service Thread" daemon [_thread_blocked, id=6888, stack(0x000000001b0e0000,0x000000001b1e0000)]
  0x000000001a44b800 JavaThread "C1 CompilerThread3" daemon [_thread_blocked, id=15432, stack(0x000000001afe0000,0x000000001b0e0000)]
  0x000000001a43e800 JavaThread "C2 CompilerThread2" daemon [_thread_in_native, id=8512, stack(0x000000001aee0000,0x000000001afe0000)]
  0x000000001a436800 JavaThread "C2 CompilerThread1" daemon [_thread_in_native, id=10808, stack(0x000000001ade0000,0x000000001aee0000)]
  0x000000001a434000 JavaThread "C2 CompilerThread0" daemon [_thread_in_native, id=2196, stack(0x000000001ace0000,0x000000001ade0000)]
  0x000000001a429800 JavaThread "Monitor Ctrl-Break" daemon [_thread_in_native, id=15600, stack(0x000000001abe0000,0x000000001ace0000)]
  0x000000001a40c000 JavaThread "Attach Listener" daemon [_thread_blocked, id=8244, stack(0x000000001aae0000,0x000000001abe0000)]
  0x000000001a3b8800 JavaThread "Signal Dispatcher" daemon [_thread_blocked, id=14904, stack(0x000000001a9e0000,0x000000001aae0000)]
  0x000000001a3a1800 JavaThread "Finalizer" daemon [_thread_blocked, id=16504, stack(0x000000001a880000,0x000000001a980000)]
  0x000000001a3a0800 JavaThread "Reference Handler" daemon [_thread_blocked, id=18348, stack(0x000000001a780000,0x000000001a880000)]
=>0x00000000016ae800 JavaThread "main" [_thread_in_vm, id=15048, stack(0x0000000003240000,0x0000000003340000)]

Other Threads:
  0x0000000018559800 VMThread [stack: 0x000000001a280000,0x000000001a380000] [id=2312]
  0x000000001a515800 WatcherThread [stack: 0x000000001b1e0000,0x000000001b2e0000] [id=17116]

VM state:not at safepoint (normal execution)

VM Mutex/Monitor currently owned by a thread: None

Heap:
 PSYoungGen      total 145408K, used 10482K [0x00000000d5b80000, 0x00000000e7f80000, 0x0000000100000000)
  eden space 132096K, 7% used [0x00000000d5b80000,0x00000000d65bc8f8,0x00000000ddc80000)
  from space 13312K, 0% used [0x00000000ddc80000,0x00000000ddc80000,0x00000000de980000)
  to   space 17408K, 0% used [0x00000000e6e80000,0x00000000e6e80000,0x00000000e7f80000)
 ParOldGen       total 82432K, used 25580K [0x0000000081200000, 0x0000000086280000, 0x00000000d5b80000)
  object space 82432K, 31% used [0x0000000081200000,0x0000000082afb028,0x0000000086280000)
 Metaspace       used 21778K, capacity 22314K, committed 22704K, reserved 1069056K
  class space    used 2605K, capacity 2747K, committed 2816K, reserved 1048576K

Card table byte_map: [0x0000000012950000,0x0000000012d50000] byte_map_base: 0x0000000012547000

Marking Bits: (ParMarkBitMap*) 0x00000000658a3e30
 Begin Bits: [0x0000000013800000, 0x00000000157b8000)
 End Bits:   [0x00000000157b8000, 0x0000000017770000)

Polling page: 0x0000000001670000

CodeCache: size=245760Kb used=12116Kb max_used=12116Kb free=233643Kb
 bounds [0x0000000003590000, 0x0000000004170000, 0x0000000012590000]
 total_blobs=3835 nmethods=3430 adapters=317
 compilation: enabled

Compilation events (10 events):
Event: 3.737 Thread 0x000000001a44b800 3435       3       java.nio.charset.CharsetEncoder::<init> (113 bytes)
Event: 3.738 Thread 0x000000001a44b800 nmethod 3435 0x000000000416c350 code [0x000000000416c520, 0x000000000416cc08]
Event: 3.738 Thread 0x000000001a44b800 3436       3       java.nio.charset.CharsetEncoder::replaceWith (89 bytes)
Event: 3.738 Thread 0x000000001a44b800 nmethod 3436 0x000000000416ce50 code [0x000000000416d060, 0x000000000416d988]
Event: 3.751 Thread 0x000000001a44b800 3437       3       org.fusesource.jansi.FilterPrintStream::write (17 bytes)
Event: 3.751 Thread 0x000000001a44b800 nmethod 3437 0x000000000416dcd0 code [0x000000000416de40, 0x000000000416e158]
Event: 3.751 Thread 0x000000001a44b800 3439  s    3       java.io.BufferedOutputStream::write (35 bytes)
Event: 3.751 Thread 0x000000001a44b800 nmethod 3439 0x000000000416e250 code [0x000000000416e3e0, 0x000000000416e8a8]
Event: 3.751 Thread 0x000000001a44b800 3438   !   3       java.io.PrintStream::write (66 bytes)
Event: 3.752 Thread 0x000000001a44b800 nmethod 3438 0x000000000416ea90 code [0x000000000416ec60, 0x000000000416f418]

GC Heap History (10 events):
Event: 2.136 GC heap before
{Heap before GC invocations=4 (full 0):
 PSYoungGen      total 38400K, used 38388K [0x00000000d5b80000, 0x00000000da680000, 0x0000000100000000)
  eden space 33280K, 100% used [0x00000000d5b80000,0x00000000d7c00000,0x00000000d7c00000)
  from space 5120K, 99% used [0x00000000d7c00000,0x00000000d80fd070,0x00000000d8100000)
  to   space 5120K, 0% used [0x00000000da180000,0x00000000da180000,0x00000000da680000)
 ParOldGen       total 87552K, used 4564K [0x0000000081200000, 0x0000000086780000, 0x00000000d5b80000)
  object space 87552K, 5% used [0x0000000081200000,0x0000000081675360,0x0000000086780000)
 Metaspace       used 16058K, capacity 16408K, committed 16640K, reserved 1064960K
  class space    used 1934K, capacity 2042K, committed 2048K, reserved 1048576K
Event: 2.144 GC heap after
Heap after GC invocations=4 (full 0):
 PSYoungGen      total 71680K, used 5112K [0x00000000d5b80000, 0x00000000da680000, 0x0000000100000000)
  eden space 66560K, 0% used [0x00000000d5b80000,0x00000000d5b80000,0x00000000d9c80000)
  from space 5120K, 99% used [0x00000000da180000,0x00000000da67e050,0x00000000da680000)
  to   space 5120K, 0% used [0x00000000d9c80000,0x00000000d9c80000,0x00000000da180000)
 ParOldGen       total 87552K, used 8144K [0x0000000081200000, 0x0000000086780000, 0x00000000d5b80000)
  object space 87552K, 9% used [0x0000000081200000,0x00000000819f4320,0x0000000086780000)
 Metaspace       used 16058K, capacity 16408K, committed 16640K, reserved 1064960K
  class space    used 1934K, capacity 2042K, committed 2048K, reserved 1048576K
}
Event: 2.412 GC heap before
{Heap before GC invocations=5 (full 0):
 PSYoungGen      total 71680K, used 71672K [0x00000000d5b80000, 0x00000000da680000, 0x0000000100000000)
  eden space 66560K, 100% used [0x00000000d5b80000,0x00000000d9c80000,0x00000000d9c80000)
  from space 5120K, 99% used [0x00000000da180000,0x00000000da67e050,0x00000000da680000)
  to   space 5120K, 0% used [0x00000000d9c80000,0x00000000d9c80000,0x00000000da180000)
 ParOldGen       total 87552K, used 8144K [0x0000000081200000, 0x0000000086780000, 0x00000000d5b80000)
  object space 87552K, 9% used [0x0000000081200000,0x00000000819f4320,0x0000000086780000)
 Metaspace       used 16189K, capacity 16554K, committed 16896K, reserved 1064960K
  class space    used 1936K, capacity 2045K, committed 2048K, reserved 1048576K
Event: 2.421 GC heap after
Heap after GC invocations=5 (full 0):
 PSYoungGen      total 71680K, used 5096K [0x00000000d5b80000, 0x00000000df580000, 0x0000000100000000)
  eden space 66560K, 0% used [0x00000000d5b80000,0x00000000d5b80000,0x00000000d9c80000)
  from space 5120K, 99% used [0x00000000d9c80000,0x00000000da17a020,0x00000000da180000)
  to   space 12288K, 0% used [0x00000000de980000,0x00000000de980000,0x00000000df580000)
 ParOldGen       total 87552K, used 14486K [0x0000000081200000, 0x0000000086780000, 0x00000000d5b80000)
  object space 87552K, 16% used [0x0000000081200000,0x0000000082025b30,0x0000000086780000)
 Metaspace       used 16189K, capacity 16554K, committed 16896K, reserved 1064960K
  class space    used 1936K, capacity 2045K, committed 2048K, reserved 1048576K
}
Event: 2.608 GC heap before
{Heap before GC invocations=6 (full 0):
 PSYoungGen      total 71680K, used 71656K [0x00000000d5b80000, 0x00000000df580000, 0x0000000100000000)
  eden space 66560K, 100% used [0x00000000d5b80000,0x00000000d9c80000,0x00000000d9c80000)
  from space 5120K, 99% used [0x00000000d9c80000,0x00000000da17a020,0x00000000da180000)
  to   space 12288K, 0% used [0x00000000de980000,0x00000000de980000,0x00000000df580000)
 ParOldGen       total 87552K, used 14486K [0x0000000081200000, 0x0000000086780000, 0x00000000d5b80000)
  object space 87552K, 16% used [0x0000000081200000,0x0000000082025b30,0x0000000086780000)
 Metaspace       used 16265K, capacity 16618K, committed 16896K, reserved 1064960K
  class space    used 1936K, capacity 2045K, committed 2048K, reserved 1048576K
Event: 2.619 GC heap after
Heap after GC invocations=6 (full 0):
 PSYoungGen      total 144384K, used 11256K [0x00000000d5b80000, 0x00000000df780000, 0x0000000100000000)
  eden space 132096K, 0% used [0x00000000d5b80000,0x00000000d5b80000,0x00000000ddc80000)
  from space 12288K, 91% used [0x00000000de980000,0x00000000df47e010,0x00000000df580000)
  to   space 13312K, 0% used [0x00000000ddc80000,0x00000000ddc80000,0x00000000de980000)
 ParOldGen       total 87552K, used 14494K [0x0000000081200000, 0x0000000086780000, 0x00000000d5b80000)
  object space 87552K, 16% used [0x0000000081200000,0x0000000082027b30,0x0000000086780000)
 Metaspace       used 16265K, capacity 16618K, committed 16896K, reserved 1064960K
  class space    used 1936K, capacity 2045K, committed 2048K, reserved 1048576K
}
Event: 3.553 GC heap before
{Heap before GC invocations=7 (full 0):
 PSYoungGen      total 144384K, used 100547K [0x00000000d5b80000, 0x00000000df780000, 0x0000000100000000)
  eden space 132096K, 67% used [0x00000000d5b80000,0x00000000db2b2de0,0x00000000ddc80000)
  from space 12288K, 91% used [0x00000000de980000,0x00000000df47e010,0x00000000df580000)
  to   space 13312K, 0% used [0x00000000ddc80000,0x00000000ddc80000,0x00000000de980000)
 ParOldGen       total 87552K, used 14494K [0x0000000081200000, 0x0000000086780000, 0x00000000d5b80000)
  object space 87552K, 16% used [0x0000000081200000,0x0000000082027b30,0x0000000086780000)
 Metaspace       used 20605K, capacity 21098K, committed 21296K, reserved 1069056K
  class space    used 2466K, capacity 2619K, committed 2688K, reserved 1048576K
Event: 3.568 GC heap after
Heap after GC invocations=7 (full 0):
 PSYoungGen      total 145408K, used 13295K [0x00000000d5b80000, 0x00000000e7f80000, 0x0000000100000000)
  eden space 132096K, 0% used [0x00000000d5b80000,0x00000000d5b80000,0x00000000ddc80000)
  from space 13312K, 99% used [0x00000000ddc80000,0x00000000de97bc10,0x00000000de980000)
  to   space 17408K, 0% used [0x00000000e6e80000,0x00000000e6e80000,0x00000000e7f80000)
 ParOldGen       total 87552K, used 18881K [0x0000000081200000, 0x0000000086780000, 0x00000000d5b80000)
  object space 87552K, 21% used [0x0000000081200000,0x0000000082470738,0x0000000086780000)
 Metaspace       used 20605K, capacity 21098K, committed 21296K, reserved 1069056K
  class space    used 2466K, capacity 2619K, committed 2688K, reserved 1048576K
}
Event: 3.568 GC heap before
{Heap before GC invocations=8 (full 1):
 PSYoungGen      total 145408K, used 13295K [0x00000000d5b80000, 0x00000000e7f80000, 0x0000000100000000)
  eden space 132096K, 0% used [0x00000000d5b80000,0x00000000d5b80000,0x00000000ddc80000)
  from space 13312K, 99% used [0x00000000ddc80000,0x00000000de97bc10,0x00000000de980000)
  to   space 17408K, 0% used [0x00000000e6e80000,0x00000000e6e80000,0x00000000e7f80000)
 ParOldGen       total 87552K, used 18881K [0x0000000081200000, 0x0000000086780000, 0x00000000d5b80000)
  object space 87552K, 21% used [0x0000000081200000,0x0000000082470738,0x0000000086780000)
 Metaspace       used 20605K, capacity 21098K, committed 21296K, reserved 1069056K
  class space    used 2466K, capacity 2619K, committed 2688K, reserved 1048576K
Event: 3.644 GC heap after
Heap after GC invocations=8 (full 1):
 PSYoungGen      total 145408K, used 0K [0x00000000d5b80000, 0x00000000e7f80000, 0x0000000100000000)
  eden space 132096K, 0% used [0x00000000d5b80000,0x00000000d5b80000,0x00000000ddc80000)
  from space 13312K, 0% used [0x00000000ddc80000,0x00000000ddc80000,0x00000000de980000)
  to   space 17408K, 0% used [0x00000000e6e80000,0x00000000e6e80000,0x00000000e7f80000)
 ParOldGen       total 82432K, used 25580K [0x0000000081200000, 0x0000000086280000, 0x00000000d5b80000)
  object space 82432K, 31% used [0x0000000081200000,0x0000000082afb028,0x0000000086280000)
 Metaspace       used 20605K, capacity 21098K, committed 21296K, reserved 1069056K
  class space    used 2466K, capacity 2619K, committed 2688K, reserved 1048576K
}

Deoptimization events (10 events):
Event: 3.081 Thread 0x00000000016ae800 Uncommon trap: reason=predicate action=maybe_recompile pc=0x000000000381d670 method=sun.net.www.ParseUtil.encodePath(Ljava/lang/String;Z)Ljava/lang/String; @ 36
Event: 3.091 Thread 0x00000000016ae800 Uncommon trap: reason=bimorphic action=maybe_recompile pc=0x0000000003b17464 method=java.util.regex.Pattern$CharProperty.match(Ljava/util/regex/Matcher;ILjava/lang/CharSequence;)Z @ 37
Event: 3.095 Thread 0x00000000016ae800 Uncommon trap: reason=null_check action=make_not_entrant pc=0x0000000003fc5134 method=com.google.inject.internal.InjectorImpl.enterContext()Lcom/google/inject/internal/InternalContext; @ 7
Event: 3.335 Thread 0x00000000016ae800 Uncommon trap: reason=unstable_if action=reinterpret pc=0x0000000003d5f1fc method=org.eclipse.sisu.plexus.RealmFilteredBeans$FilteredItr.hasNext()Z @ 44
Event: 3.340 Thread 0x00000000016ae800 Uncommon trap: reason=array_check action=maybe_recompile pc=0x0000000004016748 method=java.util.TimSort.binarySort([Ljava/lang/Object;IIILjava/util/Comparator;)V @ 215
Event: 3.340 Thread 0x00000000016ae800 Uncommon trap: reason=array_check action=maybe_recompile pc=0x00000000040168d4 method=java.util.TimSort.binarySort([Ljava/lang/Object;IIILjava/util/Comparator;)V @ 183
Event: 3.340 Thread 0x00000000016ae800 Uncommon trap: reason=array_check action=maybe_recompile pc=0x000000000401680c method=java.util.TimSort.binarySort([Ljava/lang/Object;IIILjava/util/Comparator;)V @ 193
Event: 3.340 Thread 0x00000000016ae800 Uncommon trap: reason=array_check action=maybe_recompile pc=0x000000000401680c method=java.util.TimSort.binarySort([Ljava/lang/Object;IIILjava/util/Comparator;)V @ 193
Event: 3.381 Thread 0x00000000016ae800 Uncommon trap: reason=bimorphic action=maybe_recompile pc=0x0000000003b17464 method=java.util.regex.Pattern$CharProperty.match(Ljava/util/regex/Matcher;ILjava/lang/CharSequence;)Z @ 37
Event: 3.735 Thread 0x00000000016ae800 Uncommon trap: reason=unstable_if action=reinterpret pc=0x0000000003fd07e0 method=java.util.jar.Manifest$FastInputStream.readLine([BII)I @ 87

Classes redefined (0 events):
No events

Internal exceptions (10 events):
Event: 1.628 Thread 0x00000000016ae800 Implicit null exception at 0x0000000003746b58 to 0x0000000003746d11
Event: 1.682 Thread 0x00000000016ae800 Implicit null exception at 0x00000000037a8156 to 0x00000000037a84f9
Event: 1.682 Thread 0x00000000016ae800 Implicit null exception at 0x0000000003783b96 to 0x0000000003783f35
Event: 1.810 Thread 0x00000000016ae800 Implicit null exception at 0x0000000003831a55 to 0x0000000003831c2d
Event: 1.810 Thread 0x00000000016ae800 Implicit null exception at 0x00000000039b082f to 0x00000000039b0899
Event: 1.823 Thread 0x00000000016ae800 Implicit null exception at 0x0000000003bc35e3 to 0x0000000003bc3a15
Event: 2.315 Thread 0x00000000016ae800 Implicit null exception at 0x0000000003de5c5f to 0x0000000003de7711
Event: 3.095 Thread 0x00000000016ae800 Implicit null exception at 0x0000000003fc4cfd to 0x0000000003fc5125
Event: 3.420 Thread 0x00000000016ae800 Exception <a 'java/lang/ClassNotFoundException': com/sun/tools/javac/api/JavacTool> (0x00000000da7c1ed0) thrown at [C:\re\workspace\8-2-build-windows-amd64-cygwin\jdk8u191\11896\hotspot\src\share\vm\classfile\systemDictionary.cpp, line 210]
Event: 3.745 Thread 0x00000000016ae800 Exception <a 'java/lang/OutOfMemoryError'> (0x00000000d6367ea8) thrown at [C:\re\workspace\8-2-build-windows-amd64-cygwin\jdk8u191\11896\hotspot\src\share\vm\prims\jni.cpp, line 735]

Events (10 events):
Event: 3.750 loading class com/sun/tools/javac/util/Log$2
Event: 3.750 loading class com/sun/tools/javac/util/Log$2 done
Event: 3.750 loading class com/sun/tools/javac/util/JCDiagnostic$DiagnosticType
Event: 3.750 loading class com/sun/tools/javac/util/JCDiagnostic$DiagnosticType done
Event: 3.750 loading class java/lang/Throwable$WrappedPrintWriter
Event: 3.750 loading class java/lang/Throwable$PrintStreamOrWriter
Event: 3.750 loading class java/lang/Throwable$PrintStreamOrWriter done
Event: 3.750 loading class java/lang/Throwable$WrappedPrintWriter done
Event: 3.754 loading class com/sun/tools/javac/main/Main$Result
Event: 3.754 loading class com/sun/tools/javac/main/Main$Result done


Dynamic libraries:
0x00007ff675cc0000 - 0x00007ff675cf7000 	D:\Program Files (x86)\jdk\bin\java.exe
0x00007ffbd2940000 - 0x00007ffbd2b30000 	C:\Windows\SYSTEM32\ntdll.dll
0x00007ffbd2550000 - 0x00007ffbd2602000 	C:\Windows\System32\KERNEL32.DLL
0x00007ffbcfa60000 - 0x00007ffbcfd05000 	C:\Windows\System32\KERNELBASE.dll
0x00007ffbcd6a0000 - 0x00007ffbcd72f000 	C:\Windows\SYSTEM32\apphelp.dll
0x00007ffbd2010000 - 0x00007ffbd20b3000 	C:\Windows\System32\ADVAPI32.dll
0x00007ffbd1d60000 - 0x00007ffbd1dfe000 	C:\Windows\System32\msvcrt.dll
0x00007ffbd1cc0000 - 0x00007ffbd1d57000 	C:\Windows\System32\sechost.dll
0x00007ffbd27b0000 - 0x00007ffbd28cf000 	C:\Windows\System32\RPCRT4.dll
0x00007ffbd1e70000 - 0x00007ffbd2004000 	C:\Windows\System32\USER32.dll
0x00007ffbd0590000 - 0x00007ffbd05b1000 	C:\Windows\System32\win32u.dll
0x00007ffbd28d0000 - 0x00007ffbd28f6000 	C:\Windows\System32\GDI32.dll
0x00007ffbd0650000 - 0x00007ffbd07e8000 	C:\Windows\System32\gdi32full.dll
0x00007ffbd07f0000 - 0x00007ffbd088e000 	C:\Windows\System32\msvcp_win.dll
0x00007ffbcf960000 - 0x00007ffbcfa5a000 	C:\Windows\System32\ucrtbase.dll
0x00007ffbc09e0000 - 0x00007ffbc0c64000 	C:\Windows\WinSxS\amd64_microsoft.windows.common-controls_6595b64144ccf1df_6.0.18362.1440_none_9e7dbfb9e45e8e67\COMCTL32.dll
0x00007ffbd10f0000 - 0x00007ffbd1426000 	C:\Windows\System32\combase.dll
0x00007ffbcf8b0000 - 0x00007ffbcf931000 	C:\Windows\System32\bcryptPrimitives.dll
0x00007ffbd2510000 - 0x00007ffbd253e000 	C:\Windows\System32\IMM32.DLL
0x0000000065930000 - 0x0000000065a02000 	D:\Program Files (x86)\jdk\jre\bin\msvcr100.dll
0x0000000065080000 - 0x0000000065924000 	D:\Program Files (x86)\jdk\jre\bin\server\jvm.dll
0x00007ffbd2540000 - 0x00007ffbd2548000 	C:\Windows\System32\PSAPI.DLL
0x00007ffbccef0000 - 0x00007ffbccf14000 	C:\Windows\SYSTEM32\WINMM.dll
0x00007ffbc7f60000 - 0x00007ffbc7f6a000 	C:\Windows\SYSTEM32\VERSION.dll
0x00007ffbc9230000 - 0x00007ffbc9239000 	C:\Windows\SYSTEM32\WSOCK32.dll
0x00007ffbd1e00000 - 0x00007ffbd1e6f000 	C:\Windows\System32\WS2_32.dll
0x00007ffbccec0000 - 0x00007ffbcceed000 	C:\Windows\SYSTEM32\WINMMBASE.dll
0x00007ffbd0540000 - 0x00007ffbd058a000 	C:\Windows\System32\cfgmgr32.dll
0x0000000065070000 - 0x000000006507f000 	D:\Program Files (x86)\jdk\jre\bin\verify.dll
0x0000000065040000 - 0x0000000065069000 	D:\Program Files (x86)\jdk\jre\bin\java.dll
0x0000000064f60000 - 0x0000000064f83000 	D:\Program Files (x86)\jdk\jre\bin\instrument.dll
0x0000000065020000 - 0x0000000065036000 	D:\Program Files (x86)\jdk\jre\bin\zip.dll
0x00007ffbd1490000 - 0x00007ffbd1b78000 	C:\Windows\System32\SHELL32.dll
0x00007ffbd20c0000 - 0x00007ffbd2167000 	C:\Windows\System32\shcore.dll
0x00007ffbcfd10000 - 0x00007ffbd048b000 	C:\Windows\System32\windows.storage.dll
0x00007ffbcf800000 - 0x00007ffbcf81e000 	C:\Windows\System32\profapi.dll
0x00007ffbcf860000 - 0x00007ffbcf8aa000 	C:\Windows\System32\powrprof.dll
0x00007ffbcf7f0000 - 0x00007ffbcf800000 	C:\Windows\System32\UMPDC.dll
0x00007ffbd2750000 - 0x00007ffbd27a2000 	C:\Windows\System32\shlwapi.dll
0x00007ffbcf820000 - 0x00007ffbcf831000 	C:\Windows\System32\kernel.appcore.dll
0x00007ffbcf940000 - 0x00007ffbcf957000 	C:\Windows\System32\cryptsp.dll
0x00007ffbcb5f0000 - 0x00007ffbcb60a000 	D:\Program Files (x86)\idea\IntelliJ IDEA 2019.1.4\bin\breakgen64.dll
0x0000000065000000 - 0x000000006501a000 	D:\Program Files (x86)\jdk\jre\bin\net.dll
0x00007ffbcf030000 - 0x00007ffbcf097000 	C:\Windows\system32\mswsock.dll
0x00007ffbcebb0000 - 0x00007ffbcebe3000 	C:\Windows\system32\rsaenh.dll
0x00007ffbd05c0000 - 0x00007ffbd05e6000 	C:\Windows\System32\bcrypt.dll
0x00007ffbcf6d0000 - 0x00007ffbcf6f5000 	C:\Windows\SYSTEM32\USERENV.dll
0x00007ffbcf200000 - 0x00007ffbcf20c000 	C:\Windows\SYSTEM32\CRYPTBASE.dll
0x00007ffbced40000 - 0x00007ffbced7a000 	C:\Windows\SYSTEM32\IPHLPAPI.DLL
0x00007ffbd2330000 - 0x00007ffbd2338000 	C:\Windows\System32\NSI.dll
0x00007ffbc6870000 - 0x00007ffbc6886000 	C:\Windows\SYSTEM32\dhcpcsvc6.DLL
0x00007ffbc6850000 - 0x00007ffbc686c000 	C:\Windows\SYSTEM32\dhcpcsvc.DLL
0x00007ffbced80000 - 0x00007ffbcee4b000 	C:\Windows\SYSTEM32\DNSAPI.dll
0x0000000064fe0000 - 0x0000000064ff1000 	D:\Program Files (x86)\jdk\jre\bin\nio.dll
0x00007ffbcb5e0000 - 0x00007ffbcb5ea000 	C:\Users\LQ\AppData\Local\Temp\jansi-1.17.1-7026369234337400927.dll
0x00007ffbc3770000 - 0x00007ffbc377a000 	C:\Users\LQ\AppData\Local\Temp\jansi-1.17.1-896341257584383176.dll

VM Arguments:
jvm_args: -Dmaven.multiModuleProjectDirectory=D:\dongyimai\dongyimai-shop-web -Dmaven.home=D:\Program Files (x86)\maven\apache-maven-3.5.4 -Dclassworlds.conf=D:\Program Files (x86)\maven\apache-maven-3.5.4\bin\m2.conf -javaagent:D:\Program Files (x86)\idea\IntelliJ IDEA 2019.1.4\lib\idea_rt.jar=58409:D:\Program Files (x86)\idea\IntelliJ IDEA 2019.1.4\bin -Dfile.encoding=UTF-8 
java_command: org.codehaus.classworlds.Launcher -Didea.version2019.1.4 -s D:\Program Files (x86)\maven\apache-maven-3.5.4\conf\settings.xml install
java_class_path (initial): D:\Program Files (x86)\maven\apache-maven-3.5.4\boot\plexus-classworlds-2.5.2.jar;D:\Program Files (x86)\idea\IntelliJ IDEA 2019.1.4\lib\idea_rt.jar
Launcher Type: SUN_STANDARD

Environment Variables:
JAVA_HOME=D:\Program Files (x86)\jdk
PATH=D:\Program Files (x86)\idea\IntelliJ IDEA 2019.1.4\jre64\\bin;D:\Program Files (x86)\idea\IntelliJ IDEA 2019.1.4\jre64\\bin\server;C:\Windows\system32;C:\Windows;C:\Windows\System32\Wbem;C:\Windows\System32\WindowsPowerShell\v1.0\;C:\Windows\System32\OpenSSH\;C:\Program Files (x86)\NVIDIA Corporation\PhysX\Common;C:\Program Files\NVIDIA Corporation\NVIDIA NvDLISR;D:\Program Files (x86)\微信开发者工具\;D:\Program Files (x86)\jdk\bin;D:\Program Files(x86)\MySQL\MySQL Server 5.5\bin;D:\Program Files (x86)\bin;D:\Program Files (x86)\mysql\bin;D:\Program Files (x86)\maven\apache-maven-3.5.4\bin;C:\Users\LQ\AppData\Local\Microsoft\WindowsApps;C:\Users\LQ\AppData\Roaming\npm;D:\Program Files (x86)\idea\IntelliJ IDEA 2019.1.4\bin
USERNAME=LQ
OS=Windows_NT
PROCESSOR_IDENTIFIER=Intel64 Family 6 Model 158 Stepping 10, GenuineIntel



---------------  S Y S T E M  ---------------

OS: Windows 10.0 , 64 bit Build 18362 (10.0.18362.1350)

CPU:total 8 (initial active 8) (4 cores per cpu, 2 threads per core) family 6 model 158 stepping 10, cmov, cx8, fxsr, mmx, sse, sse2, sse3, ssse3, sse4.1, sse4.2, popcnt, avx, avx2, aes, clmul, erms, 3dnowpref, lzcnt, ht, tsc, tscinvbit, bmi1, bmi2, adx

Memory: 4k page, physical 8306932k(601340k free), swap 14598388k(2060k free)

vm_info: Java HotSpot(TM) 64-Bit Server VM (25.191-b12) for windows-amd64 JRE (1.8.0_191-b12), built on Oct  6 2018 09:29:03 by "java_re" with MS VC++ 10.0 (VS2010)

time: Fri Mar 19 16:50:50 2021
elapsed time: 3 seconds (0d 0h 0m 3s)

