#
# There is insufficient memory for the Java Runtime Environment to continue.
# Native memory allocation (malloc) failed to allocate 65552 bytes for Chunk::new
# Possible reasons:
#   The system is out of physical RAM or swap space
#   In 32 bit mode, the process size limit was hit
# Possible solutions:
#   Reduce memory load on the system
#   Increase physical memory or swap space
#   Check if swap backing store is full
#   Use 64 bit Java on a 64 bit OS
#   Decrease Java heap size (-Xmx/-Xms)
#   Decrease number of Java threads
#   Decrease Java thread stack sizes (-Xss)
#   Set larger code cache with -XX:ReservedCodeCacheSize=
# This output file may be truncated or incomplete.
#
#  Out of Memory Error (allocation.cpp:390), pid=2024, tid=0x0000000000000ab8
#
# JRE version: Java(TM) SE Runtime Environment (8.0_191-b12) (build 1.8.0_191-b12)
# Java VM: Java HotSpot(TM) 64-Bit Server VM (25.191-b12 mixed mode windows-amd64 compressed oops)
# Failed to write core dump. Minidumps are not enabled by default on client versions of Windows
#

---------------  T H R E A D  ---------------

Current thread (0x000000001a718800):  JavaThread "C2 CompilerThread1" daemon [_thread_in_native, id=2744, stack(0x000000001b060000,0x000000001b160000)]

Stack: [0x000000001b060000,0x000000001b160000]
[error occurred during error reporting (printing stack bounds), id 0xc0000005]

Native frames: (J=compiled Java code, j=interpreted, Vv=VM code, C=native code)


Current CompileTask:
C2:  11969 6683   !   4       org.apache.maven.model.Model::clone (502 bytes)


---------------  P R O C E S S  ---------------

Java Threads: ( => current thread )
  0x000000001a746800 JavaThread "Service Thread" daemon [_thread_blocked, id=19648, stack(0x000000001b360000,0x000000001b460000)]
  0x000000001a721800 JavaThread "C1 CompilerThread3" daemon [_thread_blocked, id=10180, stack(0x000000001b260000,0x000000001b360000)]
  0x000000001a71d000 JavaThread "C2 CompilerThread2" daemon [_thread_in_native, id=20124, stack(0x000000001b160000,0x000000001b260000)]
=>0x000000001a718800 JavaThread "C2 CompilerThread1" daemon [_thread_in_native, id=2744, stack(0x000000001b060000,0x000000001b160000)]
  0x000000001a714800 JavaThread "C2 CompilerThread0" daemon [_thread_blocked, id=21164, stack(0x000000001af60000,0x000000001b060000)]
  0x000000001a709000 JavaThread "Monitor Ctrl-Break" daemon [_thread_in_native, id=11852, stack(0x000000001ae60000,0x000000001af60000)]
  0x000000001a697800 JavaThread "Attach Listener" daemon [_thread_blocked, id=20776, stack(0x000000001ad60000,0x000000001ae60000)]
  0x000000001a696800 JavaThread "Signal Dispatcher" daemon [_thread_blocked, id=10108, stack(0x000000001ac60000,0x000000001ad60000)]
  0x000000001a681800 JavaThread "Finalizer" daemon [_thread_blocked, id=9544, stack(0x000000001ab60000,0x000000001ac60000)]
  0x000000001a680800 JavaThread "Reference Handler" daemon [_thread_blocked, id=21144, stack(0x000000001aa60000,0x000000001ab60000)]
  0x00000000035ce800 JavaThread "main" [_thread_in_native, id=19180, stack(0x0000000003480000,0x0000000003580000)]

Other Threads:
  0x0000000018879800 VMThread [stack: 0x000000001a560000,0x000000001a660000] [id=21416]
  0x000000001a7e3000 WatcherThread [stack: 0x000000001b460000,0x000000001b560000] [id=18336]

VM state:not at safepoint (normal execution)

VM Mutex/Monitor currently owned by a thread: None

Heap:
 PSYoungGen      total 278528K, used 40967K [0x00000000d5b80000, 0x00000000e9700000, 0x0000000100000000)
  eden space 258048K, 7% used [0x00000000d5b80000,0x00000000d6f87d40,0x00000000e5780000)
  from space 20480K, 99% used [0x00000000e5780000,0x00000000e6b79f28,0x00000000e6b80000)
  to   space 30208K, 0% used [0x00000000e7980000,0x00000000e7980000,0x00000000e9700000)
 ParOldGen       total 80896K, used 43471K [0x0000000081200000, 0x0000000086100000, 0x00000000d5b80000)
  object space 80896K, 53% used [0x0000000081200000,0x0000000083c73d00,0x0000000086100000)
 Metaspace       used 31847K, capacity 32664K, committed 32768K, reserved 1079296K
  class space    used 3547K, capacity 3824K, committed 3840K, reserved 1048576K

Card table byte_map: [0x0000000012c70000,0x0000000013070000] byte_map_base: 0x0000000012867000

Marking Bits: (ParMarkBitMap*) 0x0000000066123e30
 Begin Bits: [0x0000000013b20000, 0x0000000015ad8000)
 End Bits:   [0x0000000015ad8000, 0x0000000017a90000)

Polling page: 0x00000000014a0000

CodeCache: size=245760Kb used=22861Kb max_used=24449Kb free=222898Kb
 bounds [0x00000000038b0000, 0x00000000050c0000, 0x00000000128b0000]
 total_blobs=6389 nmethods=5928 adapters=373
 compilation: enabled

Compilation events (10 events):
Event: 11.824 Thread 0x000000001a721800 7173       3       sun.nio.fs.WindowsPath::isAbsolute (26 bytes)
Event: 11.824 Thread 0x000000001a721800 nmethod 7173 0x00000000048afe50 code [0x00000000048affc0, 0x00000000048b01d0]
Event: 11.824 Thread 0x000000001a721800 7174       1       org.apache.maven.plugins.war.util.WebappStructure::getFullStructure (5 bytes)
Event: 11.824 Thread 0x000000001a721800 nmethod 7174 0x0000000004872610 code [0x0000000004872760, 0x0000000004872870]
Event: 11.825 Thread 0x000000001a721800 7175       1       sun.nio.fs.WindowsFileSystem::supportsLinks (5 bytes)
Event: 11.825 Thread 0x000000001a721800 nmethod 7175 0x00000000048afb90 code [0x00000000048afce0, 0x00000000048afdf0]
Event: 11.841 Thread 0x000000001a721800 7176       1       sun.nio.fs.WindowsFileSystem::provider (5 bytes)
Event: 11.841 Thread 0x000000001a721800 nmethod 7176 0x00000000048abb50 code [0x00000000048abca0, 0x00000000048abdb0]
Event: 11.879 Thread 0x000000001a721800 7178       3       java.io.File::setLastModified (50 bytes)
Event: 11.879 Thread 0x000000001a721800 nmethod 7178 0x0000000004760150 code [0x0000000004760300, 0x0000000004760818]

GC Heap History (10 events):
Event: 3.127 GC heap before
{Heap before GC invocations=6 (full 0):
 PSYoungGen      total 71680K, used 71672K [0x00000000d5b80000, 0x00000000df580000, 0x0000000100000000)
  eden space 66560K, 100% used [0x00000000d5b80000,0x00000000d9c80000,0x00000000d9c80000)
  from space 5120K, 99% used [0x00000000d9c80000,0x00000000da17e030,0x00000000da180000)
  to   space 12288K, 0% used [0x00000000de980000,0x00000000de980000,0x00000000df580000)
 ParOldGen       total 87552K, used 14878K [0x0000000081200000, 0x0000000086780000, 0x00000000d5b80000)
  object space 87552K, 16% used [0x0000000081200000,0x00000000820879e8,0x0000000086780000)
 Metaspace       used 16943K, capacity 17310K, committed 17536K, reserved 1064960K
  class space    used 2026K, capacity 2147K, committed 2176K, reserved 1048576K
Event: 3.165 GC heap after
Heap after GC invocations=6 (full 0):
 PSYoungGen      total 143872K, used 12040K [0x00000000d5b80000, 0x00000000df880000, 0x0000000100000000)
  eden space 131584K, 0% used [0x00000000d5b80000,0x00000000d5b80000,0x00000000ddc00000)
  from space 12288K, 97% used [0x00000000de980000,0x00000000df542020,0x00000000df580000)
  to   space 13824K, 0% used [0x00000000ddc00000,0x00000000ddc00000,0x00000000de980000)
 ParOldGen       total 87552K, used 14878K [0x0000000081200000, 0x0000000086780000, 0x00000000d5b80000)
  object space 87552K, 16% used [0x0000000081200000,0x00000000820879e8,0x0000000086780000)
 Metaspace       used 16943K, capacity 17310K, committed 17536K, reserved 1064960K
  class space    used 2026K, capacity 2147K, committed 2176K, reserved 1048576K
}
Event: 4.417 GC heap before
{Heap before GC invocations=7 (full 0):
 PSYoungGen      total 143872K, used 98494K [0x00000000d5b80000, 0x00000000df880000, 0x0000000100000000)
  eden space 131584K, 65% used [0x00000000d5b80000,0x00000000dafedad0,0x00000000ddc00000)
  from space 12288K, 97% used [0x00000000de980000,0x00000000df542020,0x00000000df580000)
  to   space 13824K, 0% used [0x00000000ddc00000,0x00000000ddc00000,0x00000000de980000)
 ParOldGen       total 87552K, used 14878K [0x0000000081200000, 0x0000000086780000, 0x00000000d5b80000)
  object space 87552K, 16% used [0x0000000081200000,0x00000000820879e8,0x0000000086780000)
 Metaspace       used 20611K, capacity 21050K, committed 21296K, reserved 1069056K
  class space    used 2417K, capacity 2561K, committed 2688K, reserved 1048576K
Event: 4.437 GC heap after
Heap after GC invocations=7 (full 0):
 PSYoungGen      total 145408K, used 13808K [0x00000000d5b80000, 0x00000000e7f80000, 0x0000000100000000)
  eden space 131584K, 0% used [0x00000000d5b80000,0x00000000d5b80000,0x00000000ddc00000)
  from space 13824K, 99% used [0x00000000ddc00000,0x00000000de97c030,0x00000000de980000)
  to   space 17920K, 0% used [0x00000000e6e00000,0x00000000e6e00000,0x00000000e7f80000)
 ParOldGen       total 87552K, used 19215K [0x0000000081200000, 0x0000000086780000, 0x00000000d5b80000)
  object space 87552K, 21% used [0x0000000081200000,0x00000000824c3c20,0x0000000086780000)
 Metaspace       used 20611K, capacity 21050K, committed 21296K, reserved 1069056K
  class space    used 2417K, capacity 2561K, committed 2688K, reserved 1048576K
}
Event: 4.437 GC heap before
{Heap before GC invocations=8 (full 1):
 PSYoungGen      total 145408K, used 13808K [0x00000000d5b80000, 0x00000000e7f80000, 0x0000000100000000)
  eden space 131584K, 0% used [0x00000000d5b80000,0x00000000d5b80000,0x00000000ddc00000)
  from space 13824K, 99% used [0x00000000ddc00000,0x00000000de97c030,0x00000000de980000)
  to   space 17920K, 0% used [0x00000000e6e00000,0x00000000e6e00000,0x00000000e7f80000)
 ParOldGen       total 87552K, used 19215K [0x0000000081200000, 0x0000000086780000, 0x00000000d5b80000)
  object space 87552K, 21% used [0x0000000081200000,0x00000000824c3c20,0x0000000086780000)
 Metaspace       used 20611K, capacity 21050K, committed 21296K, reserved 1069056K
  class space    used 2417K, capacity 2561K, committed 2688K, reserved 1048576K
Event: 4.538 GC heap after
Heap after GC invocations=8 (full 1):
 PSYoungGen      total 145408K, used 0K [0x00000000d5b80000, 0x00000000e7f80000, 0x0000000100000000)
  eden space 131584K, 0% used [0x00000000d5b80000,0x00000000d5b80000,0x00000000ddc00000)
  from space 13824K, 0% used [0x00000000ddc00000,0x00000000ddc00000,0x00000000de980000)
  to   space 17920K, 0% used [0x00000000e6e00000,0x00000000e6e00000,0x00000000e7f80000)
 ParOldGen       total 80896K, used 26331K [0x0000000081200000, 0x0000000086100000, 0x00000000d5b80000)
  object space 80896K, 32% used [0x0000000081200000,0x0000000082bb6e98,0x0000000086100000)
 Metaspace       used 20611K, capacity 21050K, committed 21296K, reserved 1069056K
  class space    used 2417K, capacity 2561K, committed 2688K, reserved 1048576K
}
Event: 7.446 GC heap before
{Heap before GC invocations=9 (full 1):
 PSYoungGen      total 145408K, used 131584K [0x00000000d5b80000, 0x00000000e7f80000, 0x0000000100000000)
  eden space 131584K, 100% used [0x00000000d5b80000,0x00000000ddc00000,0x00000000ddc00000)
  from space 13824K, 0% used [0x00000000ddc00000,0x00000000ddc00000,0x00000000de980000)
  to   space 17920K, 0% used [0x00000000e6e00000,0x00000000e6e00000,0x00000000e7f80000)
 ParOldGen       total 80896K, used 26331K [0x0000000081200000, 0x0000000086100000, 0x00000000d5b80000)
  object space 80896K, 32% used [0x0000000081200000,0x0000000082bb6e98,0x0000000086100000)
 Metaspace       used 25056K, capacity 25554K, committed 25856K, reserved 1073152K
  class space    used 2787K, capacity 2948K, committed 3072K, reserved 1048576K
Event: 7.482 GC heap after
Heap after GC invocations=9 (full 1):
 PSYoungGen      total 220672K, used 17910K [0x00000000d5b80000, 0x00000000e7f80000, 0x0000000100000000)
  eden space 202752K, 0% used [0x00000000d5b80000,0x00000000d5b80000,0x00000000e2180000)
  from space 17920K, 99% used [0x00000000e6e00000,0x00000000e7f7db30,0x00000000e7f80000)
  to   space 20480K, 0% used [0x00000000e5780000,0x00000000e5780000,0x00000000e6b80000)
 ParOldGen       total 80896K, used 26673K [0x0000000081200000, 0x0000000086100000, 0x00000000d5b80000)
  object space 80896K, 32% used [0x0000000081200000,0x0000000082c0c530,0x0000000086100000)
 Metaspace       used 25056K, capacity 25554K, committed 25856K, reserved 1073152K
  class space    used 2787K, capacity 2948K, committed 3072K, reserved 1048576K
}
Event: 11.143 GC heap before
{Heap before GC invocations=10 (full 1):
 PSYoungGen      total 220672K, used 220662K [0x00000000d5b80000, 0x00000000e7f80000, 0x0000000100000000)
  eden space 202752K, 100% used [0x00000000d5b80000,0x00000000e2180000,0x00000000e2180000)
  from space 17920K, 99% used [0x00000000e6e00000,0x00000000e7f7db30,0x00000000e7f80000)
  to   space 20480K, 0% used [0x00000000e5780000,0x00000000e5780000,0x00000000e6b80000)
 ParOldGen       total 80896K, used 26673K [0x0000000081200000, 0x0000000086100000, 0x00000000d5b80000)
  object space 80896K, 32% used [0x0000000081200000,0x0000000082c0c530,0x0000000086100000)
 Metaspace       used 28853K, capacity 29636K, committed 29824K, reserved 1075200K
  class space    used 3224K, capacity 3452K, committed 3456K, reserved 1048576K
Event: 11.174 GC heap after
Heap after GC invocations=10 (full 1):
 PSYoungGen      total 278528K, used 20455K [0x00000000d5b80000, 0x00000000e9700000, 0x0000000100000000)
  eden space 258048K, 0% used [0x00000000d5b80000,0x00000000d5b80000,0x00000000e5780000)
  from space 20480K, 99% used [0x00000000e5780000,0x00000000e6b79f28,0x00000000e6b80000)
  to   space 30208K, 0% used [0x00000000e7980000,0x00000000e7980000,0x00000000e9700000)
 ParOldGen       total 80896K, used 43471K [0x0000000081200000, 0x0000000086100000, 0x00000000d5b80000)
  object space 80896K, 53% used [0x0000000081200000,0x0000000083c73d00,0x0000000086100000)
 Metaspace       used 28853K, capacity 29636K, committed 29824K, reserved 1075200K
  class space    used 3224K, capacity 3452K, committed 3456K, reserved 1048576K
}

Deoptimization events (10 events):
Event: 11.421 Thread 0x00000000035ce800 Uncommon trap: reason=unstable_if action=reinterpret pc=0x0000000004a7f6c4 method=java.util.ArrayList.toArray([Ljava/lang/Object;)[Ljava/lang/Object; @ 48
Event: 11.467 Thread 0x00000000035ce800 Uncommon trap: reason=unstable_if action=reinterpret pc=0x0000000004324d68 method=java.util.Properties.load0(Ljava/util/Properties$LineReader;)V @ 56
Event: 11.467 Thread 0x00000000035ce800 Uncommon trap: reason=unstable_if action=reinterpret pc=0x00000000043429fc method=java.util.Properties$LineReader.readLine()I @ 323
Event: 11.467 Thread 0x00000000035ce800 Uncommon trap: reason=unstable_if action=reinterpret pc=0x0000000004332e4c method=java.util.Properties$LineReader.readLine()I @ 323
Event: 11.488 Thread 0x00000000035ce800 Uncommon trap: reason=unstable_if action=reinterpret pc=0x0000000004c134b4 method=java.util.Properties.load0(Ljava/util/Properties$LineReader;)V @ 56
Event: 11.583 Thread 0x00000000035ce800 Uncommon trap: reason=range_check action=make_not_entrant pc=0x0000000003b3d540 method=org.codehaus.plexus.util.SelectorUtils.matchAntPathPattern([[C[[CZ)Z @ 32
Event: 11.583 Thread 0x00000000035ce800 Uncommon trap: reason=unstable_if action=reinterpret pc=0x0000000004843b18 method=org.codehaus.plexus.util.SelectorUtils.match([C[CZ)Z @ 111
Event: 11.585 Thread 0x00000000035ce800 Uncommon trap: reason=unstable_if action=reinterpret pc=0x0000000004e41934 method=java.io.WinNTFileSystem.resolve(Ljava/lang/String;Ljava/lang/String;)Ljava/lang/String; @ 36
Event: 11.609 Thread 0x00000000035ce800 Uncommon trap: reason=unstable_if action=reinterpret pc=0x0000000003b1496c method=org.codehaus.plexus.util.SelectorUtils.match([C[CZ)Z @ 166
Event: 11.609 Thread 0x00000000035ce800 Uncommon trap: reason=unstable_if action=reinterpret pc=0x0000000004c143cc method=org.codehaus.plexus.util.SelectorUtils.matchAntPathPattern([[C[[CZ)Z @ 155

Classes redefined (0 events):
No events

Internal exceptions (10 events):
Event: 11.934 Thread 0x00000000035ce800 Exception <a 'sun/nio/fs/WindowsException'> (0x00000000d6cf5f60) thrown at [C:\re\workspace\8-2-build-windows-amd64-cygwin\jdk8u191\11896\hotspot\src\share\vm\prims\jni.cpp, line 709]
Event: 11.937 Thread 0x00000000035ce800 Exception <a 'sun/nio/fs/WindowsException'> (0x00000000d6cf8f28) thrown at [C:\re\workspace\8-2-build-windows-amd64-cygwin\jdk8u191\11896\hotspot\src\share\vm\prims\jni.cpp, line 709]
Event: 11.940 Thread 0x00000000035ce800 Exception <a 'sun/nio/fs/WindowsException'> (0x00000000d6cfbef0) thrown at [C:\re\workspace\8-2-build-windows-amd64-cygwin\jdk8u191\11896\hotspot\src\share\vm\prims\jni.cpp, line 709]
Event: 11.944 Thread 0x00000000035ce800 Exception <a 'sun/nio/fs/WindowsException'> (0x00000000d6cfeeb8) thrown at [C:\re\workspace\8-2-build-windows-amd64-cygwin\jdk8u191\11896\hotspot\src\share\vm\prims\jni.cpp, line 709]
Event: 11.947 Thread 0x00000000035ce800 Exception <a 'sun/nio/fs/WindowsException'> (0x00000000d6d01e80) thrown at [C:\re\workspace\8-2-build-windows-amd64-cygwin\jdk8u191\11896\hotspot\src\share\vm\prims\jni.cpp, line 709]
Event: 11.953 Thread 0x00000000035ce800 Exception <a 'sun/nio/fs/WindowsException'> (0x00000000d6d04888) thrown at [C:\re\workspace\8-2-build-windows-amd64-cygwin\jdk8u191\11896\hotspot\src\share\vm\prims\jni.cpp, line 709]
Event: 11.956 Thread 0x00000000035ce800 Exception <a 'sun/nio/fs/WindowsException'> (0x00000000d6d07aa8) thrown at [C:\re\workspace\8-2-build-windows-amd64-cygwin\jdk8u191\11896\hotspot\src\share\vm\prims\jni.cpp, line 709]
Event: 11.959 Thread 0x00000000035ce800 Exception <a 'sun/nio/fs/WindowsException'> (0x00000000d6d0ac98) thrown at [C:\re\workspace\8-2-build-windows-amd64-cygwin\jdk8u191\11896\hotspot\src\share\vm\prims\jni.cpp, line 709]
Event: 11.962 Thread 0x00000000035ce800 Exception <a 'sun/nio/fs/WindowsException'> (0x00000000d6d0dea0) thrown at [C:\re\workspace\8-2-build-windows-amd64-cygwin\jdk8u191\11896\hotspot\src\share\vm\prims\jni.cpp, line 709]
Event: 11.966 Thread 0x00000000035ce800 Exception <a 'sun/nio/fs/WindowsException'> (0x00000000d6d11100) thrown at [C:\re\workspace\8-2-build-windows-amd64-cygwin\jdk8u191\11896\hotspot\src\share\vm\prims\jni.cpp, line 709]

Events (10 events):
Event: 11.655 loading class sun/nio/fs/WindowsSecurity$Privilege done
Event: 11.655 loading class sun/nio/fs/WindowsSecurity$1 done
Event: 11.655 loading class sun/nio/fs/WindowsAclFileAttributeView
Event: 11.655 loading class sun/nio/fs/AbstractAclFileAttributeView
Event: 11.655 loading class java/nio/file/attribute/AclFileAttributeView
Event: 11.655 loading class java/nio/file/attribute/FileOwnerAttributeView
Event: 11.655 loading class java/nio/file/attribute/FileOwnerAttributeView done
Event: 11.655 loading class java/nio/file/attribute/AclFileAttributeView done
Event: 11.655 loading class sun/nio/fs/AbstractAclFileAttributeView done
Event: 11.655 loading class sun/nio/fs/WindowsAclFileAttributeView done


Dynamic libraries:
0x00007ff67b020000 - 0x00007ff67b057000 	D:\Program Files (x86)\jdk\bin\java.exe
0x00007ffa58500000 - 0x00007ffa586f0000 	C:\Windows\SYSTEM32\ntdll.dll
0x00007ffa568d0000 - 0x00007ffa56982000 	C:\Windows\System32\KERNEL32.DLL
0x00007ffa556e0000 - 0x00007ffa55985000 	C:\Windows\System32\KERNELBASE.dll
0x00007ffa531c0000 - 0x00007ffa5324f000 	C:\Windows\SYSTEM32\apphelp.dll
0x00007ffa572b0000 - 0x00007ffa57353000 	C:\Windows\System32\ADVAPI32.dll
0x00007ffa58420000 - 0x00007ffa584be000 	C:\Windows\System32\msvcrt.dll
0x00007ffa56830000 - 0x00007ffa568c7000 	C:\Windows\System32\sechost.dll
0x00007ffa57490000 - 0x00007ffa575af000 	C:\Windows\System32\RPCRT4.dll
0x00007ffa56b50000 - 0x00007ffa56ce4000 	C:\Windows\System32\USER32.dll
0x00007ffa55b20000 - 0x00007ffa55b41000 	C:\Windows\System32\win32u.dll
0x00007ffa56d50000 - 0x00007ffa56d76000 	C:\Windows\System32\GDI32.dll
0x00007ffa563f0000 - 0x00007ffa56588000 	C:\Windows\System32\gdi32full.dll
0x00007ffa55b50000 - 0x00007ffa55bee000 	C:\Windows\System32\msvcp_win.dll
0x00007ffa55990000 - 0x00007ffa55a8a000 	C:\Windows\System32\ucrtbase.dll
0x00007ffa45070000 - 0x00007ffa452f4000 	C:\Windows\WinSxS\amd64_microsoft.windows.common-controls_6595b64144ccf1df_6.0.18362.1440_none_9e7dbfb9e45e8e67\COMCTL32.dll
0x00007ffa56ef0000 - 0x00007ffa57226000 	C:\Windows\System32\combase.dll
0x00007ffa55a90000 - 0x00007ffa55b11000 	C:\Windows\System32\bcryptPrimitives.dll
0x00007ffa57c60000 - 0x00007ffa57c8e000 	C:\Windows\System32\IMM32.DLL
0x00000000661b0000 - 0x0000000066282000 	D:\Program Files (x86)\jdk\jre\bin\msvcr100.dll
0x0000000065900000 - 0x00000000661a4000 	D:\Program Files (x86)\jdk\jre\bin\server\jvm.dll
0x00007ffa58410000 - 0x00007ffa58418000 	C:\Windows\System32\PSAPI.DLL
0x00007ffa4e010000 - 0x00007ffa4e019000 	C:\Windows\SYSTEM32\WSOCK32.dll
0x00007ffa52b10000 - 0x00007ffa52b34000 	C:\Windows\SYSTEM32\WINMM.dll
0x00007ffa4c190000 - 0x00007ffa4c19a000 	C:\Windows\SYSTEM32\VERSION.dll
0x00007ffa57620000 - 0x00007ffa5768f000 	C:\Windows\System32\WS2_32.dll
0x00007ffa52900000 - 0x00007ffa5292d000 	C:\Windows\SYSTEM32\winmmbase.dll
0x00007ffa56370000 - 0x00007ffa563ba000 	C:\Windows\System32\cfgmgr32.dll
0x00000000678c0000 - 0x00000000678cf000 	D:\Program Files (x86)\jdk\jre\bin\verify.dll
0x00000000658d0000 - 0x00000000658f9000 	D:\Program Files (x86)\jdk\jre\bin\java.dll
0x0000000067a90000 - 0x0000000067ab3000 	D:\Program Files (x86)\jdk\jre\bin\instrument.dll
0x00000000658b0000 - 0x00000000658c6000 	D:\Program Files (x86)\jdk\jre\bin\zip.dll
0x00007ffa57d10000 - 0x00007ffa583f8000 	C:\Windows\System32\SHELL32.dll
0x00007ffa57b00000 - 0x00007ffa57ba7000 	C:\Windows\System32\shcore.dll
0x00007ffa55bf0000 - 0x00007ffa5636b000 	C:\Windows\System32\windows.storage.dll
0x00007ffa55400000 - 0x00007ffa5541e000 	C:\Windows\System32\profapi.dll
0x00007ffa55420000 - 0x00007ffa5546a000 	C:\Windows\System32\powrprof.dll
0x00007ffa553b0000 - 0x00007ffa553c0000 	C:\Windows\System32\UMPDC.dll
0x00007ffa56cf0000 - 0x00007ffa56d42000 	C:\Windows\System32\shlwapi.dll
0x00007ffa553e0000 - 0x00007ffa553f1000 	C:\Windows\System32\kernel.appcore.dll
0x00007ffa56590000 - 0x00007ffa565a7000 	C:\Windows\System32\cryptsp.dll
0x00007ffa39d40000 - 0x00007ffa39d5a000 	D:\Program Files (x86)\idea\IntelliJ IDEA 2019.1.4\bin\breakgen64.dll
0x0000000065890000 - 0x00000000658aa000 	D:\Program Files (x86)\jdk\jre\bin\net.dll
0x00007ffa54bf0000 - 0x00007ffa54c57000 	C:\Windows\system32\mswsock.dll
0x00007ffa54770000 - 0x00007ffa547a3000 	C:\Windows\system32\rsaenh.dll
0x00007ffa563c0000 - 0x00007ffa563e6000 	C:\Windows\System32\bcrypt.dll
0x00007ffa55290000 - 0x00007ffa552b5000 	C:\Windows\SYSTEM32\USERENV.dll
0x00007ffa54dc0000 - 0x00007ffa54dcc000 	C:\Windows\SYSTEM32\CRYPTBASE.dll
0x00007ffa54900000 - 0x00007ffa5493a000 	C:\Windows\SYSTEM32\IPHLPAPI.DLL
0x00007ffa58400000 - 0x00007ffa58408000 	C:\Windows\System32\NSI.dll
0x00007ffa4beb0000 - 0x00007ffa4bec6000 	C:\Windows\SYSTEM32\dhcpcsvc6.DLL
0x00007ffa4be90000 - 0x00007ffa4beac000 	C:\Windows\SYSTEM32\dhcpcsvc.DLL
0x00007ffa54940000 - 0x00007ffa54a0b000 	C:\Windows\SYSTEM32\DNSAPI.dll
0x0000000065870000 - 0x0000000065881000 	D:\Program Files (x86)\jdk\jre\bin\nio.dll
0x00007ffa41820000 - 0x00007ffa4182a000 	C:\Users\LQ\AppData\Local\Temp\jansi-1.17.1-6558837938882119.dll
0x00007ffa3eee0000 - 0x00007ffa3eeea000 	C:\Users\LQ\AppData\Local\Temp\jansi-1.17.1-8377475514722184594.dll
0x0000000065860000 - 0x000000006586d000 	D:\Program Files (x86)\jdk\jre\bin\management.dll
0x00007ffa38a40000 - 0x00007ffa38a56000 	C:\Windows\system32\napinsp.dll
0x00007ffa389f0000 - 0x00007ffa38a0a000 	C:\Windows\system32\pnrpnsp.dll
0x00007ffa38870000 - 0x00007ffa3887e000 	C:\Windows\System32\winrnr.dll
0x00007ffa51790000 - 0x00007ffa517ac000 	C:\Windows\system32\NLAapi.dll
0x00007ffa3c570000 - 0x00007ffa3c585000 	C:\Windows\system32\wshbth.dll
0x00007ffa4bd50000 - 0x00007ffa4bd5a000 	C:\Windows\System32\rasadhlp.dll
0x00007ffa4bb40000 - 0x00007ffa4bbb7000 	C:\Windows\System32\fwpuclnt.dll
0x00007ffa543f0000 - 0x00007ffa54421000 	C:\Windows\SYSTEM32\ntmarta.dll

VM Arguments:
jvm_args: -Dmaven.multiModuleProjectDirectory=D:\Program Files (x86)\zhonggong\第四阶段\day01-2\dongyimai -Dmaven.home=D:\Program Files (x86)\maven\apache-maven-3.5.4 -Dclassworlds.conf=D:\Program Files (x86)\maven\apache-maven-3.5.4\bin\m2.conf -javaagent:D:\Program Files (x86)\idea\IntelliJ IDEA 2019.1.4\lib\idea_rt.jar=64171:D:\Program Files (x86)\idea\IntelliJ IDEA 2019.1.4\bin -Dfile.encoding=UTF-8 
java_command: org.codehaus.classworlds.Launcher -Didea.version2019.1.4 -s D:\Program Files (x86)\maven\apache-maven-3.5.4\conf\settings.xml install
java_class_path (initial): D:\Program Files (x86)\maven\apache-maven-3.5.4\boot\plexus-classworlds-2.5.2.jar;D:\Program Files (x86)\idea\IntelliJ IDEA 2019.1.4\lib\idea_rt.jar
Launcher Type: SUN_STANDARD

Environment Variables:
JAVA_HOME=D:\Program Files (x86)\jdk
PATH=D:\Program Files (x86)\idea\IntelliJ IDEA 2019.1.4\jre64\\bin;D:\Program Files (x86)\idea\IntelliJ IDEA 2019.1.4\jre64\\bin\server;C:\Windows\system32;C:\Windows;C:\Windows\System32\Wbem;C:\Windows\System32\WindowsPowerShell\v1.0\;C:\Windows\System32\OpenSSH\;C:\Program Files (x86)\NVIDIA Corporation\PhysX\Common;C:\Program Files\NVIDIA Corporation\NVIDIA NvDLISR;D:\Program Files (x86)\微信开发者工具\;D:\Program Files (x86)\jdk\bin;D:\Program Files(x86)\MySQL\MySQL Server 5.5\bin;D:\Program Files (x86)\bin;D:\Program Files (x86)\mysql\bin;D:\Program Files (x86)\maven\apache-maven-3.5.4\bin;C:\Users\LQ\AppData\Local\Microsoft\WindowsApps;C:\Users\LQ\AppData\Roaming\npm;D:\Program Files (x86)\idea\IntelliJ IDEA 2019.1.4\bin
USERNAME=LQ
OS=Windows_NT
PROCESSOR_IDENTIFIER=Intel64 Family 6 Model 158 Stepping 10, GenuineIntel



---------------  S Y S T E M  ---------------

OS: Windows 10.0 , 64 bit Build 18362 (10.0.18362.1350)

CPU:total 8 (initial active 8) (4 cores per cpu, 2 threads per core) family 6 model 158 stepping 10, cmov, cx8, fxsr, mmx, sse, sse2, sse3, ssse3, sse4.1, sse4.2, popcnt, avx, avx2, aes, clmul, erms, 3dnowpref, lzcnt, ht, tsc, tscinvbit, bmi1, bmi2, adx

Memory: 4k page, physical 8306932k(1729032k free), swap 14598388k(1152k free)

vm_info: Java HotSpot(TM) 64-Bit Server VM (25.191-b12) for windows-amd64 JRE (1.8.0_191-b12), built on Oct  6 2018 09:29:03 by "java_re" with MS VC++ 10.0 (VS2010)

time: Mon Mar 15 22:40:58 2021
elapsed time: 11 seconds (0d 0h 0m 11s)

